{"/home/travis/build/npmtest/node-npmtest-hoodie/test.js":{"path":"/home/travis/build/npmtest/node-npmtest-hoodie/test.js","s":{"1":2,"2":2,"3":2,"4":2,"5":2,"6":2,"7":2,"8":1,"9":2,"10":2,"11":1,"12":1,"13":1,"14":1,"15":2,"16":2,"17":2,"18":2,"19":1,"20":1,"21":2,"22":2,"23":2,"24":1,"25":1,"26":1,"27":1,"28":1,"29":1,"30":1,"31":1,"32":1,"33":1,"34":1,"35":1,"36":1,"37":1,"38":1,"39":2,"40":2,"41":1,"42":2,"43":2,"44":1,"45":2,"46":2,"47":1,"48":2,"49":2,"50":1,"51":1,"52":1,"53":1,"54":1},"b":{"1":[2,1,1,1],"2":[1,1,1,1],"3":[1,1],"4":[1,1],"5":[1,1],"6":[1,1],"7":[1,1],"8":[1,1],"9":[1,1],"10":[1,1,1],"11":[1,1],"12":[1,1],"13":[1,1],"14":[1,1],"15":[1,1],"16":[1,1],"17":[1,1]},"f":{"1":2,"2":2,"3":2,"4":2,"5":2,"6":1,"7":1,"8":1,"9":2,"10":2,"11":2,"12":2,"13":1},"fnMap":{"1":{"name":"(anonymous_1)","line":12,"loc":{"start":{"line":12,"column":1},"end":{"line":12,"column":13}}},"2":{"name":"(anonymous_2)","line":19,"loc":{"start":{"line":19,"column":5},"end":{"line":19,"column":17}}},"3":{"name":"(anonymous_3)","line":23,"loc":{"start":{"line":23,"column":24},"end":{"line":23,"column":36}}},"4":{"name":"(anonymous_4)","line":61,"loc":{"start":{"line":61,"column":5},"end":{"line":61,"column":17}}},"5":{"name":"(anonymous_5)","line":82,"loc":{"start":{"line":82,"column":5},"end":{"line":82,"column":17}}},"6":{"name":"(anonymous_6)","line":91,"loc":{"start":{"line":91,"column":77},"end":{"line":94,"column":10}}},"7":{"name":"(anonymous_7)","line":112,"loc":{"start":{"line":112,"column":83},"end":{"line":115,"column":10}},"skip":true},"8":{"name":"(anonymous_8)","line":123,"loc":{"start":{"line":123,"column":77},"end":{"line":126,"column":10}},"skip":true},"9":{"name":"(anonymous_9)","line":139,"loc":{"start":{"line":139,"column":12},"end":{"line":139,"column":40}},"skip":true},"10":{"name":"(anonymous_10)","line":147,"loc":{"start":{"line":147,"column":77},"end":{"line":150,"column":10}},"skip":true},"11":{"name":"(anonymous_11)","line":158,"loc":{"start":{"line":158,"column":83},"end":{"line":161,"column":10}},"skip":true},"12":{"name":"(anonymous_12)","line":169,"loc":{"start":{"line":169,"column":79},"end":{"line":172,"column":10}},"skip":true},"13":{"name":"(anonymous_13)","line":180,"loc":{"start":{"line":180,"column":75},"end":{"line":183,"column":10}},"skip":true}},"statementMap":{"1":{"start":{"line":12,"column":0},"end":{"line":195,"column":5}},"2":{"start":{"line":14,"column":4},"end":{"line":14,"column":14}},"3":{"start":{"line":19,"column":4},"end":{"line":56,"column":9}},"4":{"start":{"line":21,"column":8},"end":{"line":21,"column":19}},"5":{"start":{"line":23,"column":8},"end":{"line":35,"column":13}},"6":{"start":{"line":24,"column":12},"end":{"line":34,"column":13}},"7":{"start":{"line":25,"column":16},"end":{"line":28,"column":30}},"8":{"start":{"line":30,"column":16},"end":{"line":33,"column":27}},"9":{"start":{"line":37,"column":8},"end":{"line":39,"column":21}},"10":{"start":{"line":40,"column":8},"end":{"line":53,"column":9}},"11":{"start":{"line":43,"column":12},"end":{"line":46,"column":14}},"12":{"start":{"line":47,"column":12},"end":{"line":47,"column":18}},"13":{"start":{"line":50,"column":12},"end":{"line":51,"column":33}},"14":{"start":{"line":52,"column":12},"end":{"line":52,"column":18}},"15":{"start":{"line":55,"column":8},"end":{"line":55,"column":35}},"16":{"start":{"line":61,"column":4},"end":{"line":63,"column":9}},"17":{"start":{"line":62,"column":8},"end":{"line":62,"column":15}},"18":{"start":{"line":64,"column":4},"end":{"line":77,"column":5}},"19":{"start":{"line":70,"column":8},"end":{"line":70,"column":14}},"20":{"start":{"line":76,"column":8},"end":{"line":76,"column":14}},"21":{"start":{"line":82,"column":4},"end":{"line":84,"column":9}},"22":{"start":{"line":83,"column":8},"end":{"line":83,"column":15}},"23":{"start":{"line":85,"column":4},"end":{"line":194,"column":5}},"24":{"start":{"line":91,"column":8},"end":{"line":99,"column":10}},"25":{"start":{"line":98,"column":12},"end":{"line":98,"column":35}},"26":{"start":{"line":102,"column":8},"end":{"line":104,"column":63}},"27":{"start":{"line":105,"column":8},"end":{"line":105,"column":14}},"28":{"start":{"line":112,"column":8},"end":{"line":121,"column":10},"skip":true},"29":{"start":{"line":119,"column":12},"end":{"line":119,"column":55},"skip":true},"30":{"start":{"line":120,"column":12},"end":{"line":120,"column":48},"skip":true},"31":{"start":{"line":123,"column":8},"end":{"line":136,"column":10},"skip":true},"32":{"start":{"line":130,"column":12},"end":{"line":130,"column":76},"skip":true},"33":{"start":{"line":131,"column":12},"end":{"line":131,"column":73},"skip":true},"34":{"start":{"line":132,"column":12},"end":{"line":132,"column":74},"skip":true},"35":{"start":{"line":133,"column":12},"end":{"line":133,"column":79},"skip":true},"36":{"start":{"line":134,"column":12},"end":{"line":134,"column":25},"skip":true},"37":{"start":{"line":135,"column":12},"end":{"line":135,"column":45},"skip":true},"38":{"start":{"line":138,"column":8},"end":{"line":145,"column":14},"skip":true},"39":{"start":{"line":143,"column":16},"end":{"line":143,"column":29},"skip":true},"40":{"start":{"line":144,"column":16},"end":{"line":144,"column":55},"skip":true},"41":{"start":{"line":147,"column":8},"end":{"line":156,"column":10},"skip":true},"42":{"start":{"line":154,"column":12},"end":{"line":154,"column":25},"skip":true},"43":{"start":{"line":155,"column":12},"end":{"line":155,"column":45},"skip":true},"44":{"start":{"line":158,"column":8},"end":{"line":167,"column":10},"skip":true},"45":{"start":{"line":165,"column":12},"end":{"line":165,"column":25},"skip":true},"46":{"start":{"line":166,"column":12},"end":{"line":166,"column":48},"skip":true},"47":{"start":{"line":169,"column":8},"end":{"line":178,"column":10},"skip":true},"48":{"start":{"line":176,"column":12},"end":{"line":176,"column":25},"skip":true},"49":{"start":{"line":177,"column":12},"end":{"line":177,"column":46},"skip":true},"50":{"start":{"line":180,"column":8},"end":{"line":189,"column":10},"skip":true},"51":{"start":{"line":187,"column":12},"end":{"line":187,"column":94},"skip":true},"52":{"start":{"line":188,"column":12},"end":{"line":188,"column":48},"skip":true},"53":{"start":{"line":192,"column":8},"end":{"line":192,"column":35},"skip":true},"54":{"start":{"line":193,"column":8},"end":{"line":193,"column":14},"skip":true}},"branchMap":{"1":{"line":25,"type":"binary-expr","locations":[{"start":{"line":25,"column":23},"end":{"line":25,"column":62}},{"start":{"line":26,"column":20},"end":{"line":26,"column":70}},{"start":{"line":27,"column":20},"end":{"line":27,"column":71}},{"start":{"line":28,"column":20},"end":{"line":28,"column":29}}]},"2":{"line":30,"type":"binary-expr","locations":[{"start":{"line":30,"column":23},"end":{"line":30,"column":37}},{"start":{"line":31,"column":20},"end":{"line":31,"column":61}},{"start":{"line":32,"column":20},"end":{"line":32,"column":70}},{"start":{"line":33,"column":20},"end":{"line":33,"column":26}}]},"3":{"line":37,"type":"cond-expr","locations":[{"start":{"line":38,"column":14},"end":{"line":38,"column":20}},{"start":{"line":39,"column":14},"end":{"line":39,"column":20}}]},"4":{"line":40,"type":"switch","locations":[{"start":{"line":42,"column":8},"end":{"line":47,"column":18}},{"start":{"line":49,"column":8},"end":{"line":52,"column":18}}]},"5":{"line":44,"type":"binary-expr","locations":[{"start":{"line":44,"column":16},"end":{"line":44,"column":44}},{"start":{"line":44,"column":48},"end":{"line":44,"column":66}}]},"6":{"line":50,"type":"binary-expr","locations":[{"start":{"line":50,"column":21},"end":{"line":50,"column":49}},{"start":{"line":50,"column":53},"end":{"line":50,"column":72}}]},"7":{"line":64,"type":"switch","locations":[{"start":{"line":69,"column":4},"end":{"line":70,"column":14}},{"start":{"line":75,"column":4},"end":{"line":76,"column":14}}]},"8":{"line":85,"type":"switch","locations":[{"start":{"line":90,"column":4},"end":{"line":105,"column":14}},{"start":{"line":111,"column":4},"end":{"line":193,"column":14},"skip":true}]},"9":{"line":91,"type":"binary-expr","locations":[{"start":{"line":91,"column":42},"end":{"line":91,"column":73}},{"start":{"line":91,"column":77},"end":{"line":99,"column":9}}]},"10":{"line":102,"type":"binary-expr","locations":[{"start":{"line":102,"column":18},"end":{"line":102,"column":32}},{"start":{"line":103,"column":12},"end":{"line":103,"column":53}},{"start":{"line":104,"column":12},"end":{"line":104,"column":61}}]},"11":{"line":112,"type":"binary-expr","locations":[{"start":{"line":112,"column":45},"end":{"line":112,"column":79},"skip":true},{"start":{"line":112,"column":83},"end":{"line":121,"column":9},"skip":true}]},"12":{"line":123,"type":"binary-expr","locations":[{"start":{"line":123,"column":42},"end":{"line":123,"column":73},"skip":true},{"start":{"line":123,"column":77},"end":{"line":136,"column":9},"skip":true}]},"13":{"line":138,"type":"binary-expr","locations":[{"start":{"line":138,"column":48},"end":{"line":138,"column":85},"skip":true},{"start":{"line":139,"column":12},"end":{"line":145,"column":13},"skip":true}]},"14":{"line":147,"type":"binary-expr","locations":[{"start":{"line":147,"column":42},"end":{"line":147,"column":73},"skip":true},{"start":{"line":147,"column":77},"end":{"line":156,"column":9},"skip":true}]},"15":{"line":158,"type":"binary-expr","locations":[{"start":{"line":158,"column":45},"end":{"line":158,"column":79},"skip":true},{"start":{"line":158,"column":83},"end":{"line":167,"column":9},"skip":true}]},"16":{"line":169,"type":"binary-expr","locations":[{"start":{"line":169,"column":43},"end":{"line":169,"column":75},"skip":true},{"start":{"line":169,"column":79},"end":{"line":178,"column":9},"skip":true}]},"17":{"line":180,"type":"binary-expr","locations":[{"start":{"line":180,"column":41},"end":{"line":180,"column":71},"skip":true},{"start":{"line":180,"column":75},"end":{"line":189,"column":9},"skip":true}]}},"code":["/* istanbul instrument in package npmtest_hoodie */","/*jslint","    bitwise: true,","    browser: true,","    maxerr: 8,","    maxlen: 96,","    node: true,","    nomen: true,","    regexp: true,","    stupid: true","*/","(function () {","    'use strict';","    var local;","","","","    // run shared js-env code - init-before","    (function () {","        // init local","        local = {};","        // init modeJs","        local.modeJs = (function () {","            try {","                return typeof navigator.userAgent === 'string' &&","                    typeof document.querySelector('body') === 'object' &&","                    typeof XMLHttpRequest.prototype.open === 'function' &&","                    'browser';","            } catch (errorCaughtBrowser) {","                return module.exports &&","                    typeof process.versions.node === 'string' &&","                    typeof require('http').createServer === 'function' &&","                    'node';","            }","        }());","        // init global","        local.global = local.modeJs === 'browser'","            ? window","            : global;","        switch (local.modeJs) {","        // re-init local from window.local","        case 'browser':","            local = local.global.utility2.objectSetDefault(","                local.global.utility2_rollup || local.global.local,","                local.global.utility2","            );","            break;","        // re-init local from example.js","        case 'node':","            local = (local.global.utility2_rollup || require('utility2'))","                .requireReadme();","            break;","        }","        // export local","        local.global.local = local;","    }());","","","","    // run shared js-env code - function","    (function () {","        return;","    }());","    switch (local.modeJs) {","","","","    // run browser js-env code - function","    case 'browser':","        break;","","","","    // run node js-env code - function","    case 'node':","        break;","    }","","","","    // run shared js-env code - init-after","    (function () {","        return;","    }());","    switch (local.modeJs) {","","","","    // run browser js-env code - init-after","    case 'browser':","        local.testCase_browser_nullCase = local.testCase_browser_nullCase || function (","            options,","            onError","        ) {","        /*","         * this function will test browsers's null-case handling-behavior-behavior","         */","            onError(null, options);","        };","","        // run tests","        local.nop(local.modeTest &&","            document.querySelector('#testRunButton1') &&","            document.querySelector('#testRunButton1').click());","        break;","","","","    // run node js-env code - init-after","    /* istanbul ignore next */","    case 'node':","        local.testCase_buildApidoc_default = local.testCase_buildApidoc_default || function (","            options,","            onError","        ) {","        /*","         * this function will test buildApidoc's default handling-behavior-behavior","         */","            options = { modulePathList: module.paths };","            local.buildApidoc(options, onError);","        };","","        local.testCase_buildApp_default = local.testCase_buildApp_default || function (","            options,","            onError","        ) {","        /*","         * this function will test buildApp's default handling-behavior-behavior","         */","            local.testCase_buildReadme_default(options, local.onErrorThrow);","            local.testCase_buildLib_default(options, local.onErrorThrow);","            local.testCase_buildTest_default(options, local.onErrorThrow);","            local.testCase_buildCustomOrg_default(options, local.onErrorThrow);","            options = [];","            local.buildApp(options, onError);","        };","","        local.testCase_buildCustomOrg_default = local.testCase_buildCustomOrg_default ||","            function (options, onError) {","            /*","             * this function will test buildCustomOrg's default handling-behavior","             */","                options = {};","                local.buildCustomOrg(options, onError);","            };","","        local.testCase_buildLib_default = local.testCase_buildLib_default || function (","            options,","            onError","        ) {","        /*","         * this function will test buildLib's default handling-behavior","         */","            options = {};","            local.buildLib(options, onError);","        };","","        local.testCase_buildReadme_default = local.testCase_buildReadme_default || function (","            options,","            onError","        ) {","        /*","         * this function will test buildReadme's default handling-behavior-behavior","         */","            options = {};","            local.buildReadme(options, onError);","        };","","        local.testCase_buildTest_default = local.testCase_buildTest_default || function (","            options,","            onError","        ) {","        /*","         * this function will test buildTest's default handling-behavior","         */","            options = {};","            local.buildTest(options, onError);","        };","","        local.testCase_webpage_default = local.testCase_webpage_default || function (","            options,","            onError","        ) {","        /*","         * this function will test webpage's default handling-behavior","         */","            options = { modeCoverageMerge: true, url: local.serverLocalHost + '?modeTest=1' };","            local.browserTest(options, onError);","        };","","        // run test-server","        local.testRunServer(local);","        break;","    }","}());",""],"l":{"12":2,"14":2,"19":2,"21":2,"23":2,"24":2,"25":2,"30":1,"37":2,"40":2,"43":1,"47":1,"50":1,"52":1,"55":2,"61":2,"62":2,"64":2,"70":1,"76":1,"82":2,"83":2,"85":2,"91":1,"98":1,"102":1,"105":1,"112":1,"119":1,"120":1,"123":1,"130":1,"131":1,"132":1,"133":1,"134":1,"135":1,"138":1,"143":2,"144":2,"147":1,"154":2,"155":2,"158":1,"165":2,"166":2,"169":1,"176":2,"177":2,"180":1,"187":1,"188":1,"192":1,"193":1}},"/home/travis/build/npmtest/node-npmtest-hoodie/lib.npmtest_hoodie.js":{"path":"/home/travis/build/npmtest/node-npmtest-hoodie/lib.npmtest_hoodie.js","s":{"1":2,"2":2,"3":2,"4":2,"5":2,"6":2,"7":2,"8":1,"9":2,"10":2,"11":2,"12":2,"13":1,"14":1,"15":1,"16":1},"b":{"1":[2,1,1,1],"2":[1,1,1,1],"3":[1,1],"4":[2,2],"5":[1,1]},"f":{"1":2,"2":2,"3":2},"fnMap":{"1":{"name":"(anonymous_1)","line":12,"loc":{"start":{"line":12,"column":1},"end":{"line":12,"column":13}}},"2":{"name":"(anonymous_2)","line":19,"loc":{"start":{"line":19,"column":5},"end":{"line":19,"column":17}}},"3":{"name":"(anonymous_3)","line":23,"loc":{"start":{"line":23,"column":24},"end":{"line":23,"column":36}}}},"statementMap":{"1":{"start":{"line":12,"column":0},"end":{"line":53,"column":5}},"2":{"start":{"line":14,"column":4},"end":{"line":14,"column":14}},"3":{"start":{"line":19,"column":4},"end":{"line":52,"column":9}},"4":{"start":{"line":21,"column":8},"end":{"line":21,"column":19}},"5":{"start":{"line":23,"column":8},"end":{"line":35,"column":13}},"6":{"start":{"line":24,"column":12},"end":{"line":34,"column":13}},"7":{"start":{"line":25,"column":16},"end":{"line":28,"column":30}},"8":{"start":{"line":30,"column":16},"end":{"line":33,"column":27}},"9":{"start":{"line":37,"column":8},"end":{"line":39,"column":21}},"10":{"start":{"line":41,"column":8},"end":{"line":41,"column":54}},"11":{"start":{"line":43,"column":8},"end":{"line":43,"column":51}},"12":{"start":{"line":45,"column":8},"end":{"line":51,"column":9}},"13":{"start":{"line":46,"column":12},"end":{"line":46,"column":57}},"14":{"start":{"line":48,"column":12},"end":{"line":48,"column":35}},"15":{"start":{"line":49,"column":12},"end":{"line":49,"column":49}},"16":{"start":{"line":50,"column":12},"end":{"line":50,"column":43}}},"branchMap":{"1":{"line":25,"type":"binary-expr","locations":[{"start":{"line":25,"column":23},"end":{"line":25,"column":62}},{"start":{"line":26,"column":20},"end":{"line":26,"column":70}},{"start":{"line":27,"column":20},"end":{"line":27,"column":71}},{"start":{"line":28,"column":20},"end":{"line":28,"column":29}}]},"2":{"line":30,"type":"binary-expr","locations":[{"start":{"line":30,"column":23},"end":{"line":30,"column":37}},{"start":{"line":31,"column":20},"end":{"line":31,"column":61}},{"start":{"line":32,"column":20},"end":{"line":32,"column":70}},{"start":{"line":33,"column":20},"end":{"line":33,"column":26}}]},"3":{"line":37,"type":"cond-expr","locations":[{"start":{"line":38,"column":14},"end":{"line":38,"column":20}},{"start":{"line":39,"column":14},"end":{"line":39,"column":20}}]},"4":{"line":41,"type":"binary-expr","locations":[{"start":{"line":41,"column":16},"end":{"line":41,"column":44}},{"start":{"line":41,"column":48},"end":{"line":41,"column":53}}]},"5":{"line":45,"type":"if","locations":[{"start":{"line":45,"column":8},"end":{"line":45,"column":8}},{"start":{"line":45,"column":8},"end":{"line":45,"column":8}}]}},"code":["/* istanbul instrument in package npmtest_hoodie */","/*jslint","    bitwise: true,","    browser: true,","    maxerr: 8,","    maxlen: 96,","    node: true,","    nomen: true,","    regexp: true,","    stupid: true","*/","(function () {","    'use strict';","    var local;","","","","    // run shared js-env code - init-before","    (function () {","        // init local","        local = {};","        // init modeJs","        local.modeJs = (function () {","            try {","                return typeof navigator.userAgent === 'string' &&","                    typeof document.querySelector('body') === 'object' &&","                    typeof XMLHttpRequest.prototype.open === 'function' &&","                    'browser';","            } catch (errorCaughtBrowser) {","                return module.exports &&","                    typeof process.versions.node === 'string' &&","                    typeof require('http').createServer === 'function' &&","                    'node';","            }","        }());","        // init global","        local.global = local.modeJs === 'browser'","            ? window","            : global;","        // init utility2_rollup","        local = local.global.utility2_rollup || local;","        // init lib","        local.local = local.npmtest_hoodie = local;","        // init exports","        if (local.modeJs === 'browser') {","            local.global.utility2_npmtest_hoodie = local;","        } else {","            module.exports = local;","            module.exports.__dirname = __dirname;","            module.exports.module = module;","        }","    }());","}());",""],"l":{"12":2,"14":2,"19":2,"21":2,"23":2,"24":2,"25":2,"30":1,"37":2,"41":2,"43":2,"45":2,"46":1,"48":1,"49":1,"50":1}},"/home/travis/build/npmtest/node-npmtest-hoodie/example.js":{"path":"/home/travis/build/npmtest/node-npmtest-hoodie/example.js","s":{"1":2,"2":2,"3":2,"4":2,"5":2,"6":2,"7":2,"8":1,"9":2,"10":2,"11":2,"12":2,"13":1,"14":2,"15":2,"16":2,"17":2,"18":2,"19":0,"20":2,"21":1,"22":1,"23":1,"24":1,"25":1,"26":0,"27":0,"28":1,"29":1,"30":2,"31":0,"32":0,"33":0,"34":1,"35":2,"36":2,"37":3,"38":3,"39":3,"40":3,"41":0,"42":3,"43":3,"44":3,"45":1,"46":3,"47":1,"48":1,"49":1,"50":1,"51":1,"52":1,"53":1,"54":1,"55":1,"56":1,"57":0,"58":1,"59":6,"60":6,"61":1,"62":2,"63":0,"64":2,"65":1,"66":1,"67":0,"68":0,"69":0,"70":0,"71":0,"72":0,"73":0,"74":0,"75":0,"76":0,"77":0,"78":0,"79":0,"80":0,"81":0,"82":0,"83":0},"b":{"1":[2,1,1,1],"2":[1,1,1,1],"3":[1,1],"4":[2,2],"5":[1,1],"6":[1,1],"7":[2,0],"8":[2,1,1,1,1,1],"9":[0,2,0],"10":[1,1],"11":[2,1,1],"12":[1,0],"13":[0,2],"14":[2,0,0,0,0,0,0],"15":[0,3],"16":[3,0],"17":[1,1],"18":[0,1],"19":[1,2,0,2],"20":[1,0],"21":[1,1],"22":[0,0],"23":[0,0],"24":[0,0],"25":[0,0],"26":[0,0],"27":[0,0],"28":[0,0]},"f":{"1":2,"2":2,"3":2,"4":2,"5":2,"6":2,"7":3,"8":3,"9":3,"10":1,"11":6,"12":0},"fnMap":{"1":{"name":"(anonymous_1)","line":26,"loc":{"start":{"line":26,"column":1},"end":{"line":26,"column":13}}},"2":{"name":"(anonymous_2)","line":33,"loc":{"start":{"line":33,"column":5},"end":{"line":33,"column":17}}},"3":{"name":"(anonymous_3)","line":37,"loc":{"start":{"line":37,"column":24},"end":{"line":37,"column":36}}},"4":{"name":"(anonymous_4)","line":69,"loc":{"start":{"line":69,"column":31},"end":{"line":69,"column":48}},"skip":true},"5":{"name":"(anonymous_5)","line":78,"loc":{"start":{"line":78,"column":26},"end":{"line":78,"column":45}},"skip":true},"6":{"name":"(anonymous_6)","line":123,"loc":{"start":{"line":123,"column":33},"end":{"line":123,"column":48}},"skip":true},"7":{"name":"(anonymous_7)","line":125,"loc":{"start":{"line":125,"column":27},"end":{"line":125,"column":39}},"skip":true},"8":{"name":"(anonymous_8)","line":133,"loc":{"start":{"line":133,"column":59},"end":{"line":133,"column":74}},"skip":true},"9":{"name":"(anonymous_9)","line":143,"loc":{"start":{"line":143,"column":45},"end":{"line":143,"column":62}},"skip":true},"10":{"name":"(anonymous_10)","line":144,"loc":{"start":{"line":144,"column":73},"end":{"line":144,"column":92}},"skip":true},"11":{"name":"(anonymous_11)","line":272,"loc":{"start":{"line":272,"column":51},"end":{"line":272,"column":77}},"skip":true},"12":{"name":"(anonymous_12)","line":315,"loc":{"start":{"line":315,"column":32},"end":{"line":315,"column":61}},"skip":true}},"statementMap":{"1":{"start":{"line":26,"column":0},"end":{"line":326,"column":5}},"2":{"start":{"line":28,"column":4},"end":{"line":28,"column":14}},"3":{"start":{"line":33,"column":4},"end":{"line":60,"column":9}},"4":{"start":{"line":35,"column":8},"end":{"line":35,"column":19}},"5":{"start":{"line":37,"column":8},"end":{"line":49,"column":13}},"6":{"start":{"line":38,"column":12},"end":{"line":48,"column":13}},"7":{"start":{"line":39,"column":16},"end":{"line":42,"column":30}},"8":{"start":{"line":44,"column":16},"end":{"line":47,"column":27}},"9":{"start":{"line":51,"column":8},"end":{"line":53,"column":21}},"10":{"start":{"line":55,"column":8},"end":{"line":57,"column":45}},"11":{"start":{"line":59,"column":8},"end":{"line":59,"column":35}},"12":{"start":{"line":61,"column":4},"end":{"line":325,"column":5}},"13":{"start":{"line":69,"column":8},"end":{"line":121,"column":10},"skip":true},"14":{"start":{"line":70,"column":12},"end":{"line":88,"column":13},"skip":true},"15":{"start":{"line":76,"column":16},"end":{"line":87,"column":19},"skip":true},"16":{"start":{"line":79,"column":20},"end":{"line":86,"column":21},"skip":true},"17":{"start":{"line":82,"column":24},"end":{"line":82,"column":43},"skip":true},"18":{"start":{"line":83,"column":24},"end":{"line":83,"column":30},"skip":true},"19":{"start":{"line":85,"column":24},"end":{"line":85,"column":49},"skip":true},"20":{"start":{"line":89,"column":12},"end":{"line":107,"column":13},"skip":true},"21":{"start":{"line":92,"column":16},"end":{"line":102,"column":17},"skip":true},"22":{"start":{"line":93,"column":20},"end":{"line":93,"column":86},"skip":true},"23":{"start":{"line":94,"column":20},"end":{"line":95,"column":45},"skip":true},"24":{"start":{"line":96,"column":20},"end":{"line":96,"column":42},"skip":true},"25":{"start":{"line":97,"column":20},"end":{"line":97,"column":48},"skip":true},"26":{"start":{"line":100,"column":20},"end":{"line":100,"column":85},"skip":true},"27":{"start":{"line":101,"column":20},"end":{"line":101,"column":96},"skip":true},"28":{"start":{"line":103,"column":16},"end":{"line":103,"column":22},"skip":true},"29":{"start":{"line":106,"column":16},"end":{"line":106,"column":22},"skip":true},"30":{"start":{"line":108,"column":12},"end":{"line":120,"column":13},"skip":true},"31":{"start":{"line":114,"column":16},"end":{"line":119,"column":17},"skip":true},"32":{"start":{"line":116,"column":20},"end":{"line":116,"column":78},"skip":true},"33":{"start":{"line":118,"column":20},"end":{"line":118,"column":47},"skip":true},"34":{"start":{"line":123,"column":8},"end":{"line":141,"column":11},"skip":true},"35":{"start":{"line":124,"column":12},"end":{"line":124,"column":54},"skip":true},"36":{"start":{"line":125,"column":12},"end":{"line":140,"column":14},"skip":true},"37":{"start":{"line":126,"column":16},"end":{"line":126,"column":28},"skip":true},"38":{"start":{"line":127,"column":16},"end":{"line":127,"column":69},"skip":true},"39":{"start":{"line":128,"column":16},"end":{"line":128,"column":75},"skip":true},"40":{"start":{"line":129,"column":16},"end":{"line":131,"column":17},"skip":true},"41":{"start":{"line":130,"column":20},"end":{"line":130,"column":27},"skip":true},"42":{"start":{"line":133,"column":16},"end":{"line":137,"column":36},"skip":true},"43":{"start":{"line":134,"column":20},"end":{"line":136,"column":55},"skip":true},"44":{"start":{"line":139,"column":16},"end":{"line":139,"column":57},"skip":true},"45":{"start":{"line":143,"column":8},"end":{"line":147,"column":11},"skip":true},"46":{"start":{"line":144,"column":12},"end":{"line":146,"column":15},"skip":true},"47":{"start":{"line":145,"column":16},"end":{"line":145,"column":70},"skip":true},"48":{"start":{"line":149,"column":8},"end":{"line":149,"column":31},"skip":true},"49":{"start":{"line":150,"column":8},"end":{"line":150,"column":14},"skip":true},"50":{"start":{"line":158,"column":8},"end":{"line":158,"column":31},"skip":true},"51":{"start":{"line":160,"column":8},"end":{"line":160,"column":33},"skip":true},"52":{"start":{"line":161,"column":8},"end":{"line":161,"column":37},"skip":true},"53":{"start":{"line":162,"column":8},"end":{"line":162,"column":35},"skip":true},"54":{"start":{"line":164,"column":8},"end":{"line":164,"column":50},"skip":true},"55":{"start":{"line":166,"column":8},"end":{"line":256,"column":2},"skip":true},"56":{"start":{"line":258,"column":8},"end":{"line":286,"column":9},"skip":true},"57":{"start":{"line":259,"column":12},"end":{"line":269,"column":14},"skip":true},"58":{"start":{"line":271,"column":12},"end":{"line":285,"column":19},"skip":true},"59":{"start":{"line":274,"column":20},"end":{"line":274,"column":35},"skip":true},"60":{"start":{"line":275,"column":20},"end":{"line":284,"column":21},"skip":true},"61":{"start":{"line":277,"column":24},"end":{"line":277,"column":64},"skip":true},"62":{"start":{"line":279,"column":24},"end":{"line":279,"column":40},"skip":true},"63":{"start":{"line":281,"column":24},"end":{"line":281,"column":40},"skip":true},"64":{"start":{"line":283,"column":24},"end":{"line":283,"column":39},"skip":true},"65":{"start":{"line":288,"column":8},"end":{"line":290,"column":9},"skip":true},"66":{"start":{"line":289,"column":12},"end":{"line":289,"column":18},"skip":true},"67":{"start":{"line":291,"column":8},"end":{"line":293,"column":54},"skip":true},"68":{"start":{"line":296,"column":8},"end":{"line":301,"column":37},"skip":true},"69":{"start":{"line":303,"column":8},"end":{"line":303,"column":82},"skip":true},"70":{"start":{"line":306,"column":8},"end":{"line":308,"column":9},"skip":true},"71":{"start":{"line":307,"column":12},"end":{"line":307,"column":82},"skip":true},"72":{"start":{"line":310,"column":8},"end":{"line":312,"column":9},"skip":true},"73":{"start":{"line":311,"column":12},"end":{"line":311,"column":18},"skip":true},"74":{"start":{"line":313,"column":8},"end":{"line":313,"column":54},"skip":true},"75":{"start":{"line":314,"column":8},"end":{"line":314,"column":69},"skip":true},"76":{"start":{"line":315,"column":8},"end":{"line":323,"column":36},"skip":true},"77":{"start":{"line":316,"column":12},"end":{"line":316,"column":61},"skip":true},"78":{"start":{"line":317,"column":12},"end":{"line":320,"column":13},"skip":true},"79":{"start":{"line":318,"column":16},"end":{"line":318,"column":75},"skip":true},"80":{"start":{"line":319,"column":16},"end":{"line":319,"column":23},"skip":true},"81":{"start":{"line":321,"column":12},"end":{"line":321,"column":38},"skip":true},"82":{"start":{"line":322,"column":12},"end":{"line":322,"column":27},"skip":true},"83":{"start":{"line":324,"column":8},"end":{"line":324,"column":14},"skip":true}},"branchMap":{"1":{"line":39,"type":"binary-expr","locations":[{"start":{"line":39,"column":23},"end":{"line":39,"column":62}},{"start":{"line":40,"column":20},"end":{"line":40,"column":70}},{"start":{"line":41,"column":20},"end":{"line":41,"column":71}},{"start":{"line":42,"column":20},"end":{"line":42,"column":29}}]},"2":{"line":44,"type":"binary-expr","locations":[{"start":{"line":44,"column":23},"end":{"line":44,"column":37}},{"start":{"line":45,"column":20},"end":{"line":45,"column":61}},{"start":{"line":46,"column":20},"end":{"line":46,"column":70}},{"start":{"line":47,"column":20},"end":{"line":47,"column":26}}]},"3":{"line":51,"type":"cond-expr","locations":[{"start":{"line":52,"column":14},"end":{"line":52,"column":20}},{"start":{"line":53,"column":14},"end":{"line":53,"column":20}}]},"4":{"line":55,"type":"binary-expr","locations":[{"start":{"line":55,"column":16},"end":{"line":55,"column":44}},{"start":{"line":55,"column":49},"end":{"line":57,"column":43}}]},"5":{"line":55,"type":"cond-expr","locations":[{"start":{"line":56,"column":14},"end":{"line":56,"column":50}},{"start":{"line":57,"column":14},"end":{"line":57,"column":43}}]},"6":{"line":61,"type":"switch","locations":[{"start":{"line":68,"column":4},"end":{"line":150,"column":14},"skip":true},{"start":{"line":156,"column":4},"end":{"line":324,"column":14},"skip":true}]},"7":{"line":70,"type":"if","locations":[{"start":{"line":70,"column":12},"end":{"line":70,"column":12},"skip":true},{"start":{"line":70,"column":12},"end":{"line":70,"column":12},"skip":true}]},"8":{"line":70,"type":"binary-expr","locations":[{"start":{"line":70,"column":16},"end":{"line":70,"column":22},"skip":true},{"start":{"line":70,"column":27},"end":{"line":70,"column":32},"skip":true},{"start":{"line":71,"column":20},"end":{"line":71,"column":39},"skip":true},{"start":{"line":72,"column":20},"end":{"line":72,"column":49},"skip":true},{"start":{"line":73,"column":20},"end":{"line":73,"column":58},"skip":true},{"start":{"line":74,"column":20},"end":{"line":74,"column":69},"skip":true}]},"9":{"line":79,"type":"switch","locations":[{"start":{"line":80,"column":20},"end":{"line":80,"column":33},"skip":true},{"start":{"line":81,"column":20},"end":{"line":83,"column":30},"skip":true},{"start":{"line":84,"column":20},"end":{"line":85,"column":49},"skip":true}]},"10":{"line":89,"type":"switch","locations":[{"start":{"line":90,"column":12},"end":{"line":103,"column":22},"skip":true},{"start":{"line":105,"column":12},"end":{"line":106,"column":22},"skip":true}]},"11":{"line":89,"type":"binary-expr","locations":[{"start":{"line":89,"column":20},"end":{"line":89,"column":25},"skip":true},{"start":{"line":89,"column":29},"end":{"line":89,"column":48},"skip":true},{"start":{"line":89,"column":52},"end":{"line":89,"column":74},"skip":true}]},"12":{"line":92,"type":"if","locations":[{"start":{"line":92,"column":16},"end":{"line":92,"column":16},"skip":true},{"start":{"line":92,"column":16},"end":{"line":92,"column":16},"skip":true}]},"13":{"line":108,"type":"if","locations":[{"start":{"line":108,"column":12},"end":{"line":108,"column":12},"skip":true},{"start":{"line":108,"column":12},"end":{"line":108,"column":12},"skip":true}]},"14":{"line":108,"type":"binary-expr","locations":[{"start":{"line":108,"column":16},"end":{"line":108,"column":61},"skip":true},{"start":{"line":108,"column":66},"end":{"line":108,"column":72},"skip":true},{"start":{"line":108,"column":77},"end":{"line":108,"column":82},"skip":true},{"start":{"line":109,"column":20},"end":{"line":109,"column":39},"skip":true},{"start":{"line":110,"column":20},"end":{"line":110,"column":49},"skip":true},{"start":{"line":111,"column":20},"end":{"line":111,"column":58},"skip":true},{"start":{"line":112,"column":20},"end":{"line":112,"column":68},"skip":true}]},"15":{"line":129,"type":"if","locations":[{"start":{"line":129,"column":16},"end":{"line":129,"column":16},"skip":true},{"start":{"line":129,"column":16},"end":{"line":129,"column":16},"skip":true}]},"16":{"line":134,"type":"cond-expr","locations":[{"start":{"line":135,"column":26},"end":{"line":135,"column":29},"skip":true},{"start":{"line":136,"column":26},"end":{"line":136,"column":54},"skip":true}]},"17":{"line":164,"type":"binary-expr","locations":[{"start":{"line":164,"column":27},"end":{"line":164,"column":43},"skip":true},{"start":{"line":164,"column":47},"end":{"line":164,"column":49},"skip":true}]},"18":{"line":258,"type":"if","locations":[{"start":{"line":258,"column":8},"end":{"line":258,"column":8},"skip":true},{"start":{"line":258,"column":8},"end":{"line":258,"column":8},"skip":true}]},"19":{"line":275,"type":"switch","locations":[{"start":{"line":276,"column":20},"end":{"line":277,"column":64},"skip":true},{"start":{"line":278,"column":20},"end":{"line":279,"column":40},"skip":true},{"start":{"line":280,"column":20},"end":{"line":281,"column":40},"skip":true},{"start":{"line":282,"column":20},"end":{"line":283,"column":39},"skip":true}]},"20":{"line":288,"type":"if","locations":[{"start":{"line":288,"column":8},"end":{"line":288,"column":8},"skip":true},{"start":{"line":288,"column":8},"end":{"line":288,"column":8},"skip":true}]},"21":{"line":288,"type":"binary-expr","locations":[{"start":{"line":288,"column":12},"end":{"line":288,"column":40},"skip":true},{"start":{"line":288,"column":44},"end":{"line":288,"column":67},"skip":true}]},"22":{"line":292,"type":"binary-expr","locations":[{"start":{"line":292,"column":12},"end":{"line":292,"column":50},"skip":true},{"start":{"line":293,"column":12},"end":{"line":293,"column":53},"skip":true}]},"23":{"line":297,"type":"binary-expr","locations":[{"start":{"line":297,"column":12},"end":{"line":297,"column":64},"skip":true},{"start":{"line":298,"column":12},"end":{"line":301,"column":36},"skip":true}]},"24":{"line":303,"type":"binary-expr","locations":[{"start":{"line":303,"column":43},"end":{"line":303,"column":75},"skip":true},{"start":{"line":303,"column":79},"end":{"line":303,"column":81},"skip":true}]},"25":{"line":306,"type":"if","locations":[{"start":{"line":306,"column":8},"end":{"line":306,"column":8},"skip":true},{"start":{"line":306,"column":8},"end":{"line":306,"column":8},"skip":true}]},"26":{"line":310,"type":"if","locations":[{"start":{"line":310,"column":8},"end":{"line":310,"column":8},"skip":true},{"start":{"line":310,"column":8},"end":{"line":310,"column":8},"skip":true}]},"27":{"line":313,"type":"binary-expr","locations":[{"start":{"line":313,"column":27},"end":{"line":313,"column":43},"skip":true},{"start":{"line":313,"column":47},"end":{"line":313,"column":53},"skip":true}]},"28":{"line":317,"type":"if","locations":[{"start":{"line":317,"column":12},"end":{"line":317,"column":12},"skip":true},{"start":{"line":317,"column":12},"end":{"line":317,"column":12},"skip":true}]}},"code":["/*","example.js","","quickstart example","","instruction","    1. save this script as example.js","    2. run the shell command:","        $ npm install npmtest-hoodie && PORT=8081 node example.js","    3. play with the browser-demo on http://127.0.0.1:8081","*/","","","","/* istanbul instrument in package npmtest_hoodie */","/*jslint","    bitwise: true,","    browser: true,","    maxerr: 8,","    maxlen: 96,","    node: true,","    nomen: true,","    regexp: true,","    stupid: true","*/","(function () {","    'use strict';","    var local;","","","","    // run shared js-env code - init-before","    (function () {","        // init local","        local = {};","        // init modeJs","        local.modeJs = (function () {","            try {","                return typeof navigator.userAgent === 'string' &&","                    typeof document.querySelector('body') === 'object' &&","                    typeof XMLHttpRequest.prototype.open === 'function' &&","                    'browser';","            } catch (errorCaughtBrowser) {","                return module.exports &&","                    typeof process.versions.node === 'string' &&","                    typeof require('http').createServer === 'function' &&","                    'node';","            }","        }());","        // init global","        local.global = local.modeJs === 'browser'","            ? window","            : global;","        // init utility2_rollup","        local = local.global.utility2_rollup || (local.modeJs === 'browser'","            ? local.global.utility2_npmtest_hoodie","            : global.utility2_moduleExports);","        // export local","        local.global.local = local;","    }());","    switch (local.modeJs) {","","","","    // init-after","    // run browser js-env code - init-after","    /* istanbul ignore next */","    case 'browser':","        local.testRunBrowser = function (event) {","            if (!event || (event &&","                    event.currentTarget &&","                    event.currentTarget.className &&","                    event.currentTarget.className.includes &&","                    event.currentTarget.className.includes('onreset'))) {","                // reset output","                Array.from(","                    document.querySelectorAll('body > .resettable')","                ).forEach(function (element) {","                    switch (element.tagName) {","                    case 'INPUT':","                    case 'TEXTAREA':","                        element.value = '';","                        break;","                    default:","                        element.textContent = '';","                    }","                });","            }","            switch (event && event.currentTarget && event.currentTarget.id) {","            case 'testRunButton1':","                // show tests","                if (document.querySelector('#testReportDiv1').style.display === 'none') {","                    document.querySelector('#testReportDiv1').style.display = 'block';","                    document.querySelector('#testRunButton1').textContent =","                        'hide internal test';","                    local.modeTest = true;","                    local.testRunDefault(local);","                // hide tests","                } else {","                    document.querySelector('#testReportDiv1').style.display = 'none';","                    document.querySelector('#testRunButton1').textContent = 'run internal test';","                }","                break;","            // custom-case","            default:","                break;","            }","            if (document.querySelector('#inputTextareaEval1') && (!event || (event &&","                    event.currentTarget &&","                    event.currentTarget.className &&","                    event.currentTarget.className.includes &&","                    event.currentTarget.className.includes('oneval')))) {","                // try to eval input-code","                try {","                    /*jslint evil: true*/","                    eval(document.querySelector('#inputTextareaEval1').value);","                } catch (errorCaught) {","                    console.error(errorCaught);","                }","            }","        };","        // log stderr and stdout to #outputTextareaStdout1","        ['error', 'log'].forEach(function (key) {","            console[key + '_original'] = console[key];","            console[key] = function () {","                var element;","                console[key + '_original'].apply(console, arguments);","                element = document.querySelector('#outputTextareaStdout1');","                if (!element) {","                    return;","                }","                // append text to #outputTextareaStdout1","                element.value += Array.from(arguments).map(function (arg) {","                    return typeof arg === 'string'","                        ? arg","                        : JSON.stringify(arg, null, 4);","                }).join(' ') + '\\n';","                // scroll textarea to bottom","                element.scrollTop = element.scrollHeight;","            };","        });","        // init event-handling","        ['change', 'click', 'keyup'].forEach(function (event) {","            Array.from(document.querySelectorAll('.on' + event)).forEach(function (element) {","                element.addEventListener(event, local.testRunBrowser);","            });","        });","        // run tests","        local.testRunBrowser();","        break;","","","","    // run node js-env code - init-after","    /* istanbul ignore next */","    case 'node':","        // export local","        module.exports = local;","        // require modules","        local.fs = require('fs');","        local.http = require('http');","        local.url = require('url');","        // init assets","        local.assetsDict = local.assetsDict || {};","        /* jslint-ignore-begin */","        local.assetsDict['/assets.index.template.html'] = '\\","<!doctype html>\\n\\","<html lang=\"en\">\\n\\","<head>\\n\\","<meta charset=\"UTF-8\">\\n\\","<meta name=\"viewport\" content=\"width=device-width, initial-scale=1\">\\n\\","<title>{{env.npm_package_name}} (v{{env.npm_package_version}})</title>\\n\\","<style>\\n\\","/*csslint\\n\\","    box-sizing: false,\\n\\","    universal-selector: false\\n\\","*/\\n\\","* {\\n\\","    box-sizing: border-box;\\n\\","}\\n\\","body {\\n\\","    background: #dde;\\n\\","    font-family: Arial, Helvetica, sans-serif;\\n\\","    margin: 2rem;\\n\\","}\\n\\","body > * {\\n\\","    margin-bottom: 1rem;\\n\\","}\\n\\",".utility2FooterDiv {\\n\\","    margin-top: 20px;\\n\\","    text-align: center;\\n\\","}\\n\\","</style>\\n\\","<style>\\n\\","/*csslint\\n\\","*/\\n\\","textarea {\\n\\","    font-family: monospace;\\n\\","    height: 10rem;\\n\\","    width: 100%;\\n\\","}\\n\\","textarea[readonly] {\\n\\","    background: #ddd;\\n\\","}\\n\\","</style>\\n\\","</head>\\n\\","<body>\\n\\","<!-- utility2-comment\\n\\","<div id=\"ajaxProgressDiv1\" style=\"background: #d00; height: 2px; left: 0; margin: 0; padding: 0; position: fixed; top: 0; transition: background 0.5s, width 1.5s; width: 25%;\"></div>\\n\\","utility2-comment -->\\n\\","<h1>\\n\\","<!-- utility2-comment\\n\\","    <a\\n\\","        {{#if env.npm_package_homepage}}\\n\\","        href=\"{{env.npm_package_homepage}}\"\\n\\","        {{/if env.npm_package_homepage}}\\n\\","        target=\"_blank\"\\n\\","    >\\n\\","utility2-comment -->\\n\\","        {{env.npm_package_name}} (v{{env.npm_package_version}})\\n\\","<!-- utility2-comment\\n\\","    </a>\\n\\","utility2-comment -->\\n\\","</h1>\\n\\","<h3>{{env.npm_package_description}}</h3>\\n\\","<!-- utility2-comment\\n\\","<h4><a download href=\"assets.app.js\">download standalone app</a></h4>\\n\\","<button class=\"onclick onreset\" id=\"testRunButton1\">run internal test</button><br>\\n\\","<div id=\"testReportDiv1\" style=\"display: none;\"></div>\\n\\","utility2-comment -->\\n\\","\\n\\","\\n\\","\\n\\","<label>stderr and stdout</label>\\n\\","<textarea class=\"resettable\" id=\"outputTextareaStdout1\" readonly></textarea>\\n\\","<!-- utility2-comment\\n\\","{{#if isRollup}}\\n\\","<script src=\"assets.app.js\"></script>\\n\\","{{#unless isRollup}}\\n\\","utility2-comment -->\\n\\","<script src=\"assets.utility2.rollup.js\"></script>\\n\\","<script src=\"jsonp.utility2._stateInit?callback=window.utility2._stateInit\"></script>\\n\\","<script src=\"assets.npmtest_hoodie.rollup.js\"></script>\\n\\","<script src=\"assets.example.js\"></script>\\n\\","<script src=\"assets.test.js\"></script>\\n\\","<!-- utility2-comment\\n\\","{{/if isRollup}}\\n\\","utility2-comment -->\\n\\","<div class=\"utility2FooterDiv\">\\n\\","    [ this app was created with\\n\\","    <a href=\"https://github.com/kaizhu256/node-utility2\" target=\"_blank\">utility2</a>\\n\\","    ]\\n\\","</div>\\n\\","</body>\\n\\","</html>\\n\\","';","        /* jslint-ignore-end */","        if (local.templateRender) {","            local.assetsDict['/'] = local.templateRender(","                local.assetsDict['/assets.index.template.html'],","                {","                    env: local.objectSetDefault(local.env, {","                        npm_package_description: 'the greatest app in the world!',","                        npm_package_name: 'my-app',","                        npm_package_nameAlias: 'my_app',","                        npm_package_version: '0.0.1'","                    })","                }","            );","        } else {","            local.assetsDict['/'] = local.assetsDict['/assets.index.template.html']","                .replace((/\\{\\{env\\.(\\w+?)\\}\\}/g), function (match0, match1) {","                    // jslint-hack","                    String(match0);","                    switch (match1) {","                    case 'npm_package_description':","                        return 'the greatest app in the world!';","                    case 'npm_package_name':","                        return 'my-app';","                    case 'npm_package_nameAlias':","                        return 'my_app';","                    case 'npm_package_version':","                        return '0.0.1';","                    }","                });","        }","        // run the cli","        if (local.global.utility2_rollup || module !== require.main) {","            break;","        }","        local.assetsDict['/assets.example.js'] =","            local.assetsDict['/assets.example.js'] ||","            local.fs.readFileSync(__filename, 'utf8');","        // bug-workaround - long $npm_package_buildCustomOrg","        /* jslint-ignore-begin */","        local.assetsDict['/assets.npmtest_hoodie.rollup.js'] =","            local.assetsDict['/assets.npmtest_hoodie.rollup.js'] ||","            local.fs.readFileSync(","                local.npmtest_hoodie.__dirname + '/lib.npmtest_hoodie.js',","                'utf8'","            ).replace((/^#!/), '//');","        /* jslint-ignore-end */","        local.assetsDict['/favicon.ico'] = local.assetsDict['/favicon.ico'] || '';","        // if $npm_config_timeout_exit exists,","        // then exit this process after $npm_config_timeout_exit ms","        if (Number(process.env.npm_config_timeout_exit)) {","            setTimeout(process.exit, Number(process.env.npm_config_timeout_exit));","        }","        // start server","        if (local.global.utility2_serverHttp1) {","            break;","        }","        process.env.PORT = process.env.PORT || '8081';","        console.error('server starting on port ' + process.env.PORT);","        local.http.createServer(function (request, response) {","            request.urlParsed = local.url.parse(request.url);","            if (local.assetsDict[request.urlParsed.pathname] !== undefined) {","                response.end(local.assetsDict[request.urlParsed.pathname]);","                return;","            }","            response.statusCode = 404;","            response.end();","        }).listen(process.env.PORT);","        break;","    }","}());",""],"l":{"26":2,"28":2,"33":2,"35":2,"37":2,"38":2,"39":2,"44":1,"51":2,"55":2,"59":2,"61":2,"69":1,"70":2,"76":2,"79":2,"82":2,"83":2,"85":1,"89":2,"92":1,"93":1,"94":1,"96":1,"97":1,"100":1,"101":1,"103":1,"106":1,"108":2,"114":1,"116":1,"118":1,"123":1,"124":2,"125":2,"126":3,"127":3,"128":3,"129":3,"130":1,"133":3,"134":3,"139":3,"143":1,"144":3,"145":1,"149":1,"150":1,"158":1,"160":1,"161":1,"162":1,"164":1,"166":1,"258":1,"259":1,"271":1,"274":6,"275":6,"277":1,"279":2,"281":1,"283":2,"288":1,"289":1,"291":1,"296":1,"303":1,"306":1,"307":1,"310":1,"311":1,"313":1,"314":1,"315":1,"316":1,"317":1,"318":1,"319":1,"321":1,"322":1,"324":1}},"/home/travis/build/npmtest/node-npmtest-hoodie/node_modules/hoodie/server/index.js":{"path":"/home/travis/build/npmtest/node-npmtest-hoodie/node_modules/hoodie/server/index.js","s":{"1":1,"2":1,"3":1,"4":1,"5":1,"6":1,"7":1,"8":0,"9":0,"10":0,"11":0,"12":0,"13":0,"14":0,"15":0,"16":0,"17":0},"b":{"1":[0,0],"2":[0,0]},"f":{"1":0,"2":0,"3":0},"fnMap":{"1":{"name":"register","line":12,"loc":{"start":{"line":12,"column":0},"end":{"line":12,"column":42}}},"2":{"name":"(anonymous_2)","line":22,"loc":{"start":{"line":22,"column":62},"end":{"line":22,"column":79}}},"3":{"name":"(anonymous_3)","line":26,"loc":{"start":{"line":26,"column":37},"end":{"line":26,"column":54}}}},"statementMap":{"1":{"start":{"line":1,"column":0},"end":{"line":1,"column":34}},"2":{"start":{"line":2,"column":0},"end":{"line":4,"column":1}},"3":{"start":{"line":6,"column":0},"end":{"line":6,"column":46}},"4":{"start":{"line":7,"column":0},"end":{"line":7,"column":53}},"5":{"start":{"line":8,"column":0},"end":{"line":8,"column":25}},"6":{"start":{"line":10,"column":0},"end":{"line":10,"column":42}},"7":{"start":{"line":12,"column":0},"end":{"line":34,"column":1}},"8":{"start":{"line":13,"column":2},"end":{"line":13,"column":32}},"9":{"start":{"line":14,"column":2},"end":{"line":18,"column":4}},"10":{"start":{"line":20,"column":2},"end":{"line":20,"column":42}},"11":{"start":{"line":22,"column":2},"end":{"line":33,"column":4}},"12":{"start":{"line":23,"column":4},"end":{"line":25,"column":5}},"13":{"start":{"line":24,"column":6},"end":{"line":24,"column":24}},"14":{"start":{"line":26,"column":4},"end":{"line":32,"column":6}},"15":{"start":{"line":27,"column":6},"end":{"line":29,"column":7}},"16":{"start":{"line":28,"column":8},"end":{"line":28,"column":26}},"17":{"start":{"line":31,"column":6},"end":{"line":31,"column":33}}},"branchMap":{"1":{"line":23,"type":"if","locations":[{"start":{"line":23,"column":4},"end":{"line":23,"column":4}},{"start":{"line":23,"column":4},"end":{"line":23,"column":4}}]},"2":{"line":27,"type":"if","locations":[{"start":{"line":27,"column":6},"end":{"line":27,"column":6}},{"start":{"line":27,"column":6},"end":{"line":27,"column":6}}]}},"code":["module.exports.register = register","module.exports.register.attributes = {","  name: 'hoodie'","}","","var corsHeaders = require('hapi-cors-headers')","var hoodieServer = require('@hoodie/server').register","var _ = require('lodash')","","var registerPlugins = require('./plugins')","","function register (server, options, next) {","  options = _.cloneDeep(options)","  _.defaultsDeep(options, {","    paths: {","      public: 'public'","    }","  })","","  server.ext('onPreResponse', corsHeaders)","","  server.register({register: hoodieServer, options: options}, function (error) {","    if (error) {","      return next(error)","    }","    registerPlugins(server, options, function (error) {","      if (error) {","        return next(error)","      }","","      next(null, server, options)","    })","  })","}",""],"l":{"1":1,"2":1,"6":1,"7":1,"8":1,"10":1,"12":1,"13":0,"14":0,"20":0,"22":0,"23":0,"24":0,"26":0,"27":0,"28":0,"31":0}},"/home/travis/build/npmtest/node-npmtest-hoodie/node_modules/hoodie/server/plugins/index.js":{"path":"/home/travis/build/npmtest/node-npmtest-hoodie/node_modules/hoodie/server/plugins/index.js","s":{"1":1,"2":1,"3":1,"4":1,"5":1,"6":0,"7":0,"8":0,"9":0,"10":0,"11":0,"12":1,"13":0,"14":0,"15":0,"16":0,"17":0,"18":0,"19":0,"20":0,"21":0,"22":0},"b":{"1":[0,0],"2":[0,0]},"f":{"1":0,"2":0,"3":0,"4":0},"fnMap":{"1":{"name":"checkModule","line":7,"loc":{"start":{"line":7,"column":0},"end":{"line":7,"column":30}}},"2":{"name":"registerPlugins","line":19,"loc":{"start":{"line":19,"column":0},"end":{"line":19,"column":52}}},"3":{"name":"(anonymous_3)","line":39,"loc":{"start":{"line":39,"column":9},"end":{"line":39,"column":29}}},"4":{"name":"(anonymous_4)","line":47,"loc":{"start":{"line":47,"column":52},"end":{"line":47,"column":69}}}},"statementMap":{"1":{"start":{"line":1,"column":0},"end":{"line":1,"column":32}},"2":{"start":{"line":3,"column":0},"end":{"line":3,"column":27}},"3":{"start":{"line":4,"column":0},"end":{"line":4,"column":26}},"4":{"start":{"line":5,"column":0},"end":{"line":5,"column":42}},"5":{"start":{"line":7,"column":0},"end":{"line":17,"column":1}},"6":{"start":{"line":8,"column":2},"end":{"line":16,"column":3}},"7":{"start":{"line":9,"column":4},"end":{"line":9,"column":26}},"8":{"start":{"line":10,"column":4},"end":{"line":10,"column":15}},"9":{"start":{"line":12,"column":4},"end":{"line":14,"column":5}},"10":{"start":{"line":13,"column":6},"end":{"line":13,"column":15}},"11":{"start":{"line":15,"column":4},"end":{"line":15,"column":16}},"12":{"start":{"line":19,"column":0},"end":{"line":55,"column":1}},"13":{"start":{"line":20,"column":2},"end":{"line":22,"column":3}},"14":{"start":{"line":23,"column":2},"end":{"line":25,"column":3}},"15":{"start":{"line":27,"column":2},"end":{"line":44,"column":6}},"16":{"start":{"line":40,"column":6},"end":{"line":43,"column":7}},"17":{"start":{"line":46,"column":2},"end":{"line":46,"column":51}},"18":{"start":{"line":47,"column":2},"end":{"line":54,"column":4}},"19":{"start":{"line":48,"column":4},"end":{"line":50,"column":5}},"20":{"start":{"line":49,"column":6},"end":{"line":49,"column":28}},"21":{"start":{"line":52,"column":4},"end":{"line":52,"column":42}},"22":{"start":{"line":53,"column":4},"end":{"line":53,"column":18}}},"branchMap":{"1":{"line":12,"type":"if","locations":[{"start":{"line":12,"column":4},"end":{"line":12,"column":4}},{"start":{"line":12,"column":4},"end":{"line":12,"column":4}}]},"2":{"line":48,"type":"if","locations":[{"start":{"line":48,"column":4},"end":{"line":48,"column":4}},{"start":{"line":48,"column":4},"end":{"line":48,"column":4}}]}},"code":["module.exports = registerPlugins","","var log = require('npmlog')","var path = require('path')","var requireResolve = require('./resolver')","","function checkModule (module) {","  try {","    requireResolve(module)","    return true","  } catch (err) {","    if (err.code !== 'MODULE_NOT_FOUND') {","      throw err","    }","    return false","  }","}","","function registerPlugins (server, config, callback) {","  var options = {","    config: config","  }","  var hapiPlugins = [","    require('inert')","  ]","","  var localPlugins = [","    './client',","    './logger',","    './maybe-force-gzip',","    './public'","  ]","    .concat(","  [","    path.resolve('hoodie/server')","  ]","    .filter(checkModule)","    )","    .map(function (register) {","      return {","        options: options,","        register: require(register)","      }","    })","","  log.silly('hapi', 'Registering internal plugins')","  server.register(hapiPlugins.concat(localPlugins), function (error) {","    if (error) {","      return callback(error)","    }","","    log.info('hapi', 'plugins registered')","    callback(null)","  })","}",""],"l":{"1":1,"3":1,"4":1,"5":1,"7":1,"8":0,"9":0,"10":0,"12":0,"13":0,"15":0,"19":1,"20":0,"23":0,"27":0,"40":0,"46":0,"47":0,"48":0,"49":0,"52":0,"53":0}},"/home/travis/build/npmtest/node-npmtest-hoodie/node_modules/hoodie/server/plugins/resolver.js":{"path":"/home/travis/build/npmtest/node-npmtest-hoodie/node_modules/hoodie/server/plugins/resolver.js","s":{"1":1},"b":{},"f":{},"fnMap":{},"statementMap":{"1":{"start":{"line":1,"column":0},"end":{"line":1,"column":32}}},"branchMap":{},"code":["module.exports = require.resolve",""],"l":{"1":1}},"/home/travis/build/npmtest/node-npmtest-hoodie/node_modules/hoodie/bin/setup.js":{"path":"/home/travis/build/npmtest/node-npmtest-hoodie/node_modules/hoodie/bin/setup.js","s":{"1":1,"2":1,"3":1,"4":1,"5":1,"6":0,"7":0,"8":0,"9":0,"10":0,"11":0,"12":0,"13":0,"14":0,"15":0,"16":0,"17":0,"18":0,"19":0,"20":0,"21":0,"22":0,"23":0,"24":0,"25":0,"26":0,"27":0,"28":0,"29":0,"30":0,"31":0,"32":0,"33":0,"34":0,"35":0,"36":0,"37":0},"b":{"1":[0,1],"2":[0,0],"3":[0,0],"4":[0,0],"5":[0,0],"6":[0,0],"7":[0,0],"8":[0,0]},"f":{"1":0,"2":0,"3":0},"fnMap":{"1":{"name":"(anonymous_1)","line":32,"loc":{"start":{"line":32,"column":4},"end":{"line":32,"column":21}}},"2":{"name":"(anonymous_2)","line":45,"loc":{"start":{"line":45,"column":4},"end":{"line":45,"column":25}}},"3":{"name":"(anonymous_3)","line":61,"loc":{"start":{"line":61,"column":8},"end":{"line":61,"column":25}}}},"statementMap":{"1":{"start":{"line":3,"column":0},"end":{"line":3,"column":26}},"2":{"start":{"line":4,"column":0},"end":{"line":4,"column":22}},"3":{"start":{"line":5,"column":0},"end":{"line":5,"column":27}},"4":{"start":{"line":10,"column":0},"end":{"line":10,"column":47}},"5":{"start":{"line":13,"column":0},"end":{"line":70,"column":1}},"6":{"start":{"line":14,"column":2},"end":{"line":14,"column":46}},"7":{"start":{"line":15,"column":2},"end":{"line":15,"column":69}},"8":{"start":{"line":17,"column":2},"end":{"line":17,"column":49}},"9":{"start":{"line":19,"column":2},"end":{"line":27,"column":3}},"10":{"start":{"line":20,"column":4},"end":{"line":24,"column":5}},"11":{"start":{"line":21,"column":6},"end":{"line":22,"column":67}},"12":{"start":{"line":23,"column":6},"end":{"line":23,"column":54}},"13":{"start":{"line":26,"column":4},"end":{"line":26,"column":45}},"14":{"start":{"line":29,"column":2},"end":{"line":29,"column":59}},"15":{"start":{"line":31,"column":2},"end":{"line":39,"column":6}},"16":{"start":{"line":33,"column":6},"end":{"line":37,"column":7}},"17":{"start":{"line":34,"column":8},"end":{"line":34,"column":106}},"18":{"start":{"line":35,"column":8},"end":{"line":35,"column":24}},"19":{"start":{"line":36,"column":8},"end":{"line":36,"column":14}},"20":{"start":{"line":38,"column":6},"end":{"line":38,"column":65}},"21":{"start":{"line":43,"column":2},"end":{"line":43,"column":56}},"22":{"start":{"line":44,"column":2},"end":{"line":69,"column":6}},"23":{"start":{"line":46,"column":6},"end":{"line":55,"column":7}},"24":{"start":{"line":47,"column":8},"end":{"line":54,"column":9}},"25":{"start":{"line":48,"column":10},"end":{"line":48,"column":58}},"26":{"start":{"line":49,"column":10},"end":{"line":49,"column":16}},"27":{"start":{"line":51,"column":10},"end":{"line":51,"column":95}},"28":{"start":{"line":52,"column":10},"end":{"line":52,"column":26}},"29":{"start":{"line":53,"column":10},"end":{"line":53,"column":16}},"30":{"start":{"line":58,"column":6},"end":{"line":58,"column":47}},"31":{"start":{"line":59,"column":6},"end":{"line":59,"column":100}},"32":{"start":{"line":60,"column":6},"end":{"line":68,"column":10}},"33":{"start":{"line":62,"column":10},"end":{"line":66,"column":11}},"34":{"start":{"line":63,"column":12},"end":{"line":63,"column":80}},"35":{"start":{"line":64,"column":12},"end":{"line":64,"column":28}},"36":{"start":{"line":65,"column":12},"end":{"line":65,"column":18}},"37":{"start":{"line":67,"column":10},"end":{"line":67,"column":48}}},"branchMap":{"1":{"line":13,"type":"if","locations":[{"start":{"line":13,"column":0},"end":{"line":13,"column":0}},{"start":{"line":13,"column":0},"end":{"line":13,"column":0}}]},"2":{"line":17,"type":"binary-expr","locations":[{"start":{"line":17,"column":24},"end":{"line":17,"column":43}},{"start":{"line":17,"column":47},"end":{"line":17,"column":49}}]},"3":{"line":19,"type":"if","locations":[{"start":{"line":19,"column":2},"end":{"line":19,"column":2}},{"start":{"line":19,"column":2},"end":{"line":19,"column":2}}]},"4":{"line":20,"type":"if","locations":[{"start":{"line":20,"column":4},"end":{"line":20,"column":4}},{"start":{"line":20,"column":4},"end":{"line":20,"column":4}}]},"5":{"line":33,"type":"if","locations":[{"start":{"line":33,"column":6},"end":{"line":33,"column":6}},{"start":{"line":33,"column":6},"end":{"line":33,"column":6}}]},"6":{"line":46,"type":"if","locations":[{"start":{"line":46,"column":6},"end":{"line":46,"column":6}},{"start":{"line":46,"column":6},"end":{"line":46,"column":6}}]},"7":{"line":47,"type":"if","locations":[{"start":{"line":47,"column":8},"end":{"line":47,"column":8}},{"start":{"line":47,"column":8},"end":{"line":47,"column":8}}]},"8":{"line":62,"type":"if","locations":[{"start":{"line":62,"column":10},"end":{"line":62,"column":10}},{"start":{"line":62,"column":10},"end":{"line":62,"column":10}}]}},"code":["//#!/usr/bin/env node","","var path = require('path')","var fs = require('fs')","var log = require('npmlog')","","// use process.env to access npm config environment variables.","// - https://docs.npmjs.com/misc/config#environment-variables","// - https://docs.npmjs.com/misc/config#save","var saveRequested = process.env.npm_config_save","","// This block only executes if Hoodie is installed with `-S` or `--save` flags.","if (saveRequested) {","  var pathToAppRoot = path.resolve('..', '..')","  var packageJson = require(path.join(pathToAppRoot, 'package.json'))","","  packageJson.scripts = packageJson.scripts || {}","","  if (packageJson.scripts[ 'start' ]) {","    if (!(packageJson.scripts[ 'start' ].startsWith('hoodie'))) {","      log.info('setup', 'start script already set to \"' + packageJson.scripts[ 'start' ] +","      ', you can start hoodie with \"npm run start-hoodie\" instead')","      packageJson.scripts[ 'start-hoodie' ] = 'hoodie'","    }","  } else {","    packageJson.scripts[ 'start' ] = 'hoodie'","  }","","  var newPackageJson = JSON.stringify(packageJson, null, 2)","","  fs.writeFile(path.join(pathToAppRoot, 'package.json'), newPackageJson,","    function (error) {","      if (error) {","        log.error('setup', 'Could not create package.json at ' + path.join(pathToAppRoot, 'package.json'))","        log.error(error)","        return","      }","      log.info('setup', 'Start your Hoodie app with \"npm start\"')","    })","","  // Create README.md if one is not found.","  // - https://nodejs.org/api/fs.html#fs_fs_access_path_mode_callback","  var readmePath = path.join(pathToAppRoot, 'README.md')","  fs.open(readmePath, 'wx',","    function (error, fd) {","      if (error) {","        if (error.code === 'EEXIST') {","          log.verbose('setup', 'README.md already exists')","          return","        } else {","          log.error('setup', 'Something went wrong when opening README.md at ' + pathToAppRoot)","          log.error(error)","          return","        }","      }","","      // - https://nodejs.org/api/path.html#path_path_parse_path","      var base = path.parse(pathToAppRoot).base","      var readMeContents = '# ' + base + '\\n' + 'Created with [hoodie](https://github.com/hoodiehq)'","      fs.writeFile(readmePath, readMeContents,","        function (error) {","          if (error) {","            log.error('setup', 'Could not create README.md at ' + pathToAppRoot)","            log.error(error)","            return","          }","          log.info('setup', 'README.md created')","        })","    })","}",""],"l":{"3":1,"4":1,"5":1,"10":1,"13":1,"14":0,"15":0,"17":0,"19":0,"20":0,"21":0,"23":0,"26":0,"29":0,"31":0,"33":0,"34":0,"35":0,"36":0,"38":0,"43":0,"44":0,"46":0,"47":0,"48":0,"49":0,"51":0,"52":0,"53":0,"58":0,"59":0,"60":0,"62":0,"63":0,"64":0,"65":0,"67":0}},"/home/travis/build/npmtest/node-npmtest-hoodie/node_modules/hoodie/bin/start.js":{"path":"/home/travis/build/npmtest/node-npmtest-hoodie/node_modules/hoodie/bin/start.js","s":{"1":2,"2":0,"3":0,"4":0,"5":0,"6":0,"7":0},"b":{"1":[0,0],"2":[0,0]},"f":{"1":0},"fnMap":{"1":{"name":"(anonymous_1)","line":7,"loc":{"start":{"line":7,"column":4},"end":{"line":7,"column":29}}}},"statementMap":{"1":{"start":{"line":3,"column":0},"end":{"line":3,"column":27}},"2":{"start":{"line":5,"column":0},"end":{"line":5,"column":33}},"3":{"start":{"line":7,"column":0},"end":{"line":14,"column":2}},"4":{"start":{"line":8,"column":2},"end":{"line":10,"column":3}},"5":{"start":{"line":9,"column":4},"end":{"line":9,"column":15}},"6":{"start":{"line":12,"column":2},"end":{"line":12,"column":130}},"7":{"start":{"line":13,"column":2},"end":{"line":13,"column":45}}},"branchMap":{"1":{"line":8,"type":"if","locations":[{"start":{"line":8,"column":2},"end":{"line":8,"column":2}},{"start":{"line":8,"column":2},"end":{"line":8,"column":2}}]},"2":{"line":12,"type":"cond-expr","locations":[{"start":{"line":12,"column":47},"end":{"line":12,"column":70}},{"start":{"line":12,"column":73},"end":{"line":12,"column":75}}]}},"code":["//#!/usr/bin/env node","","var cli = require('../cli')","","var emoji = require('node-emoji')","","cli(function (error, server) {","  if (error) {","    throw error","  }","","  console.log((process.platform === 'darwin' ? emoji.get('dog') + '  ' : '') + 'Your Hoodie app has started on:', server.info.uri)","  console.log('Stop server with control + c')","})",""],"l":{"3":2,"5":0,"7":0,"8":0,"9":0,"12":0,"13":0}},"/home/travis/build/npmtest/node-npmtest-hoodie/node_modules/hoodie/cli/index.js":{"path":"/home/travis/build/npmtest/node-npmtest-hoodie/node_modules/hoodie/cli/index.js","s":{"1":4,"2":4,"3":4,"4":4,"5":4,"6":4,"7":0,"8":0,"9":0,"10":1,"11":0,"12":0,"13":0,"14":0,"15":0,"16":0,"17":0,"18":0,"19":0,"20":0,"21":0,"22":0,"23":0,"24":0,"25":0,"26":0,"27":0,"28":0,"29":0,"30":0},"b":{"1":[0,0],"2":[0,0],"3":[0,0]},"f":{"1":0,"2":0,"3":0,"4":0,"5":0},"fnMap":{"1":{"name":"run","line":14,"loc":{"start":{"line":14,"column":0},"end":{"line":14,"column":24}}},"2":{"name":"(anonymous_2)","line":15,"loc":{"start":{"line":15,"column":21},"end":{"line":15,"column":38}}},"3":{"name":"(anonymous_3)","line":27,"loc":{"start":{"line":27,"column":27},"end":{"line":27,"column":44}}},"4":{"name":"(anonymous_4)","line":40,"loc":{"start":{"line":40,"column":9},"end":{"line":40,"column":26}}},"5":{"name":"(anonymous_5)","line":45,"loc":{"start":{"line":45,"column":21},"end":{"line":45,"column":38}}}},"statementMap":{"1":{"start":{"line":1,"column":0},"end":{"line":1,"column":20}},"2":{"start":{"line":3,"column":0},"end":{"line":3,"column":27}},"3":{"start":{"line":4,"column":0},"end":{"line":4,"column":26}},"4":{"start":{"line":6,"column":0},"end":{"line":6,"column":47}},"5":{"start":{"line":7,"column":0},"end":{"line":7,"column":60}},"6":{"start":{"line":8,"column":0},"end":{"line":8,"column":37}},"7":{"start":{"line":9,"column":0},"end":{"line":9,"column":46}},"8":{"start":{"line":10,"column":0},"end":{"line":10,"column":45}},"9":{"start":{"line":12,"column":0},"end":{"line":12,"column":42}},"10":{"start":{"line":14,"column":0},"end":{"line":51,"column":1}},"11":{"start":{"line":15,"column":2},"end":{"line":50,"column":4}},"12":{"start":{"line":16,"column":4},"end":{"line":19,"column":5}},"13":{"start":{"line":17,"column":6},"end":{"line":17,"column":37}},"14":{"start":{"line":18,"column":6},"end":{"line":18,"column":28}},"15":{"start":{"line":21,"column":4},"end":{"line":21,"column":35}},"16":{"start":{"line":22,"column":4},"end":{"line":22,"column":41}},"17":{"start":{"line":24,"column":4},"end":{"line":24,"column":32}},"18":{"start":{"line":25,"column":4},"end":{"line":25,"column":38}},"19":{"start":{"line":27,"column":4},"end":{"line":49,"column":6}},"20":{"start":{"line":28,"column":6},"end":{"line":31,"column":7}},"21":{"start":{"line":29,"column":8},"end":{"line":29,"column":39}},"22":{"start":{"line":30,"column":8},"end":{"line":30,"column":30}},"23":{"start":{"line":33,"column":6},"end":{"line":33,"column":47}},"24":{"start":{"line":34,"column":6},"end":{"line":34,"column":54}},"25":{"start":{"line":35,"column":6},"end":{"line":35,"column":47}},"26":{"start":{"line":37,"column":6},"end":{"line":48,"column":8}},"27":{"start":{"line":41,"column":8},"end":{"line":43,"column":9}},"28":{"start":{"line":42,"column":10},"end":{"line":42,"column":32}},"29":{"start":{"line":45,"column":8},"end":{"line":47,"column":10}},"30":{"start":{"line":46,"column":10},"end":{"line":46,"column":33}}},"branchMap":{"1":{"line":16,"type":"if","locations":[{"start":{"line":16,"column":4},"end":{"line":16,"column":4}},{"start":{"line":16,"column":4},"end":{"line":16,"column":4}}]},"2":{"line":28,"type":"if","locations":[{"start":{"line":28,"column":6},"end":{"line":28,"column":6}},{"start":{"line":28,"column":6},"end":{"line":28,"column":6}}]},"3":{"line":41,"type":"if","locations":[{"start":{"line":41,"column":8},"end":{"line":41,"column":8}},{"start":{"line":41,"column":8},"end":{"line":41,"column":8}}]}},"code":["module.exports = run","","var log = require('npmlog')","var Hapi = require('hapi')","","var assureFolders = require('./assure-folders')","var compatibilityCheck = require('./compatibility-check.js')","var getOptions = require('./options')","var getHapiOptions = require('./hapi-options')","var parseOptions = require('./parse-options')","","var hoodie = require('../server').register","","function run (callback) {","  compatibilityCheck(function (error) {","    if (error) {","      log.error('env', error.message)","      return callback(error)","    }","","    var projectPath = process.cwd()","    var options = getOptions(projectPath)","","    log.level = options.loglevel","    log.verbose('app', 'Initialising')","","    assureFolders(options, function (error) {","      if (error) {","        log.error('app', error.message)","        return callback(error)","      }","","      var hapiOptions = getHapiOptions(options)","      var server = new Hapi.Server(hapiOptions.server)","      server.connection(hapiOptions.connection)","","      server.register({","        register: hoodie,","        options: parseOptions(options)","      }, function (error) {","        if (error) {","          return callback(error)","        }","","        server.start(function (error) {","          callback(error, server)","        })","      })","    })","  })","}",""],"l":{"1":4,"3":4,"4":4,"6":4,"7":4,"8":4,"9":0,"10":0,"12":0,"14":1,"15":0,"16":0,"17":0,"18":0,"21":0,"22":0,"24":0,"25":0,"27":0,"28":0,"29":0,"30":0,"33":0,"34":0,"35":0,"37":0,"41":0,"42":0,"45":0,"46":0}},"/home/travis/build/npmtest/node-npmtest-hoodie/node_modules/hoodie/cli/assure-folders.js":{"path":"/home/travis/build/npmtest/node-npmtest-hoodie/node_modules/hoodie/cli/assure-folders.js","s":{"1":1,"2":1,"3":1,"4":1,"5":1,"6":0,"7":0,"8":0,"9":0,"10":0,"11":0,"12":0},"b":{"1":[0,0],"2":[0,0]},"f":{"1":0},"fnMap":{"1":{"name":"assureFolders","line":7,"loc":{"start":{"line":7,"column":0},"end":{"line":7,"column":43}}}},"statementMap":{"1":{"start":{"line":1,"column":0},"end":{"line":1,"column":30}},"2":{"start":{"line":3,"column":0},"end":{"line":3,"column":26}},"3":{"start":{"line":4,"column":0},"end":{"line":4,"column":30}},"4":{"start":{"line":5,"column":0},"end":{"line":5,"column":40}},"5":{"start":{"line":7,"column":0},"end":{"line":22,"column":1}},"6":{"start":{"line":8,"column":2},"end":{"line":10,"column":3}},"7":{"start":{"line":9,"column":4},"end":{"line":9,"column":21}},"8":{"start":{"line":12,"column":2},"end":{"line":14,"column":3}},"9":{"start":{"line":16,"column":2},"end":{"line":19,"column":3}},"10":{"start":{"line":17,"column":4},"end":{"line":17,"column":67}},"11":{"start":{"line":18,"column":4},"end":{"line":18,"column":49}},"12":{"start":{"line":21,"column":2},"end":{"line":21,"column":27}}},"branchMap":{"1":{"line":8,"type":"if","locations":[{"start":{"line":8,"column":2},"end":{"line":8,"column":2}},{"start":{"line":8,"column":2},"end":{"line":8,"column":2}}]},"2":{"line":16,"type":"if","locations":[{"start":{"line":16,"column":2},"end":{"line":16,"column":2}},{"start":{"line":16,"column":2},"end":{"line":16,"column":2}}]}},"code":["module.exports = assureFolders","","var path = require('path')","var mkdirp = require('mkdirp')","var parallel = require('async').parallel","","function assureFolders (options, callback) {","  if (options.inMemory) {","    return callback()","  }","","  var tasks = [","    mkdirp.bind(null, options.data)","  ]","","  if (!options.dbUrl) {","    var storeFilesPath = path.join(options.data, 'data') + path.sep","    tasks.push(mkdirp.bind(null, storeFilesPath))","  }","","  parallel(tasks, callback)","}",""],"l":{"1":1,"3":1,"4":1,"5":1,"7":1,"8":0,"9":0,"12":0,"16":0,"17":0,"18":0,"21":0}},"/home/travis/build/npmtest/node-npmtest-hoodie/node_modules/hoodie/cli/compatibility-check.js":{"path":"/home/travis/build/npmtest/node-npmtest-hoodie/node_modules/hoodie/cli/compatibility-check.js","s":{"1":1,"2":1,"3":1,"4":0,"5":0,"6":0},"b":{"1":[0,0]},"f":{"1":0},"fnMap":{"1":{"name":"compatibilityCheck","line":5,"loc":{"start":{"line":5,"column":0},"end":{"line":5,"column":39}}}},"statementMap":{"1":{"start":{"line":1,"column":0},"end":{"line":1,"column":35}},"2":{"start":{"line":3,"column":0},"end":{"line":3,"column":30}},"3":{"start":{"line":5,"column":0},"end":{"line":11,"column":1}},"4":{"start":{"line":6,"column":2},"end":{"line":8,"column":3}},"5":{"start":{"line":7,"column":4},"end":{"line":7,"column":78}},"6":{"start":{"line":10,"column":2},"end":{"line":10,"column":16}}},"branchMap":{"1":{"line":6,"type":"if","locations":[{"start":{"line":6,"column":2},"end":{"line":6,"column":2}},{"start":{"line":6,"column":2},"end":{"line":6,"column":2}}]}},"code":["module.exports = compatibilityCheck","","var semver = require('semver')","","function compatibilityCheck (callback) {","  if (semver.lt(process.versions.node, '4.0.0')) {","    return callback(new Error('A node version >=4 is required to run Hoodie'))","  }","","  callback(null)","}",""],"l":{"1":1,"3":1,"5":1,"6":0,"7":0,"10":0}},"/home/travis/build/npmtest/node-npmtest-hoodie/node_modules/hoodie/cli/options.js":{"path":"/home/travis/build/npmtest/node-npmtest-hoodie/node_modules/hoodie/cli/options.js","s":{"1":6,"2":6,"3":6,"4":6,"5":6,"6":0,"7":0,"8":0,"9":1,"10":0,"11":0,"12":0,"13":0,"14":0,"15":0,"16":0,"17":0,"18":0,"19":0,"20":0,"21":0,"22":0,"23":0},"b":{"1":[0,0]},"f":{"1":0,"2":0},"fnMap":{"1":{"name":"getCliOptions","line":12,"loc":{"start":{"line":12,"column":0},"end":{"line":12,"column":37}}},"2":{"name":"(anonymous_2)","line":102,"loc":{"start":{"line":102,"column":13},"end":{"line":102,"column":25}}}},"statementMap":{"1":{"start":{"line":1,"column":0},"end":{"line":1,"column":30}},"2":{"start":{"line":3,"column":0},"end":{"line":3,"column":27}},"3":{"start":{"line":4,"column":0},"end":{"line":4,"column":33}},"4":{"start":{"line":5,"column":0},"end":{"line":5,"column":22}},"5":{"start":{"line":6,"column":0},"end":{"line":6,"column":28}},"6":{"start":{"line":8,"column":0},"end":{"line":8,"column":46}},"7":{"start":{"line":9,"column":0},"end":{"line":9,"column":52}},"8":{"start":{"line":10,"column":0},"end":{"line":10,"column":49}},"9":{"start":{"line":12,"column":0},"end":{"line":127,"column":1}},"10":{"start":{"line":13,"column":2},"end":{"line":13,"column":42}},"11":{"start":{"line":14,"column":2},"end":{"line":14,"column":47}},"12":{"start":{"line":21,"column":2},"end":{"line":21,"column":58}},"13":{"start":{"line":23,"column":2},"end":{"line":115,"column":9}},"14":{"start":{"line":103,"column":6},"end":{"line":109,"column":7}},"15":{"start":{"line":104,"column":8},"end":{"line":104,"column":44}},"16":{"start":{"line":105,"column":8},"end":{"line":105,"column":38}},"17":{"start":{"line":106,"column":8},"end":{"line":106,"column":23}},"18":{"start":{"line":108,"column":8},"end":{"line":108,"column":23}},"19":{"start":{"line":117,"column":2},"end":{"line":120,"column":3}},"20":{"start":{"line":118,"column":4},"end":{"line":118,"column":89}},"21":{"start":{"line":119,"column":4},"end":{"line":119,"column":41}},"22":{"start":{"line":122,"column":2},"end":{"line":122,"column":49}},"23":{"start":{"line":126,"column":2},"end":{"line":126,"column":51}}},"branchMap":{"1":{"line":117,"type":"if","locations":[{"start":{"line":117,"column":2},"end":{"line":117,"column":2}},{"start":{"line":117,"column":2},"end":{"line":117,"column":2}}]}},"code":["module.exports = getCliOptions","","var log = require('npmlog')","var pick = require('lodash').pick","var rc = require('rc')","var yargs = require('yargs')","","var getAppDefaults = require('./app-defaults')","var getHoodieDefaults = require('./hoodie-defaults')","var webrootLocator = require('./webroot-locator')","","function getCliOptions (projectPath) {","  var hoodieDefaults = getHoodieDefaults()","  var appDefaults = getAppDefaults(projectPath)","","  // Order of defaults","  //","  // 1. Hoodie defaults","  // 2. App defaults","  // 3. rc (https://www.npmjs.com/package/rc) – note we don’t read CLI through rc","  var defaults = rc('hoodie', hoodieDefaults, appDefaults)","","  var options = yargs","    .options({","      loglevel: {","        choices: [","          'silly',","          'verbose',","          'info',","          'http',","          'warn',","          'error',","          'silent'","        ],","        default: defaults.loglevel","      },","      port: {","        type: 'number',","        default: defaults.port,","        describe: 'Port-number to run the Hoodie App on'","      },","      address: {","        type: 'string',","        default: defaults.address,","        describe: 'Address to which Hoodie binds'","      },","      bindAddress: {","        type: 'string',","        describe: '[DEPRECATED] Address to which Hoodie binds (see --address)'","      },","      data: {","        type: 'string',","        default: defaults.data,","        describe: 'Data path'","      },","      public: {","        type: 'string',","        default: defaults.public,","        describe: 'Path to static assets'","      },","      m: {","        alias: 'in-memory',","        type: 'boolean',","        default: defaults.inMemory,","        describe: 'Whether to start the PouchDB Server in memory'","      },","      dbUrl: {","        type: 'string',","        default: defaults.dbUrl,","        describe: 'If provided, uses external CouchDB. (Can contain auth credentials)'","      },","      dbUrlPassword: {","        type: 'string',","        default: defaults.dbUrlPassword,","        describe: 'Provides the password for auth with the db at dbUrl (requires dbUrl and/or dbUrlUsername)'","      },","      dbUrlUsername: {","        type: 'string',","        default:
[...]
ocations":[{"start":{"line":79,"column":8},"end":{"line":79,"column":25}},{"start":{"line":79,"column":29},"end":{"line":79,"column":42}}]},"5":{"line":83,"type":"if","locations":[{"start":{"line":83,"column":4},"end":{"line":83,"column":4}},{"start":{"line":83,"column":4},"end":{"line":83,"column":4}}]},"6":{"line":87,"type":"if","locations":[{"start":{"line":87,"column":4},"end":{"line":87,"column":4}},{"start":{"line":87,"column":4},"end":{"line":87,"column":4}}]},"7":{"line":87,"type":"binary-expr","locations":[{"start":{"line":87,"column":8},"end":{"line":87,"column":13}},{"start":{"line":87,"column":17},"end":{"line":87,"column":30}}]}},"code":["module.exports.register = register","module.exports.register.attributes = {","  name: 'hoodie-local-public',","  dependencies: 'inert'","}","","var createReadStream = require('fs').createReadStream","var pathJoin = require('path').join","","function register (server, options, next) {","  var publicFolder = options.config.paths.public","  var hoodieVersion","  try {","    hoodieVersion = require('hoodie/package.json').version","  } catch (err) {","    hoodieVersion = 'development'","  }","","  var hoodiePublicPath = pathJoin(require.resolve('../../package.json'), '..', 'public')","  var adminPublicPath = pathJoin(require.resolve('@hoodie/admin/package.json'), '..', 'dist')","","  server.route([{","    method: 'GET',","    path: '/{p*}',","    handler: {","      directory: {","        path: publicFolder,","        listing: false,","        index: true","      }","    }","  }, {","    method: 'GET',","    path: '/hoodie/{p*}',","    handler: {","      directory: {","        path: hoodiePublicPath,","        listing: false,","        index: true","      }","    }","  }, {","    method: 'GET',","    path: '/hoodie/admin/{p*}',","    handler: {","      directory: {","        path: adminPublicPath,","        listing: false,","        index: true","      }","    }","  }, {","    method: 'GET',","    path: '/hoodie/info.json',","    handler: function (request, reply) {","      reply({","        hoodie: true,","        name: options.config.name,","        version: hoodieVersion","      })","    }","  }])","","  // serve app whenever an html page is requested","  // and no other document is available","  var app = pathJoin(publicFolder, 'index.html')","  server.ext('onPostHandler', function (request, reply) {","    var response = request.response","","    if (!response.isBoom) {","      return reply.continue()","    }","","    var is404 = response.output.statusCode === 404","    var isHtmlRequest = /text\\/html/.test(request.headers.accept)","    var isHoodiePath = /^\\/hoodie\\//.test(request.path)","    var isAdminPublicPath = /^\\/hoodie\\/admin\\//.test(request.path) && !(/^\\/hoodie\\/admin\\/api\\//).test(request.path)","","    if (isAdminPublicPath && isHtmlRequest) {","      return reply(createReadStream(pathJoin(adminPublicPath, 'index.html')))","    }","","    if (isHoodiePath) {","      return reply.continue()","    }","","    if (is404 && isHtmlRequest) {","      return reply(createReadStream(app))","    }","","    reply.continue()","  })","","  return next()","}",""],"l":{"1":1,"2":1,"7":1,"8":1,"10":1,"11":0,"12":0,"13":0,"14":0,"16":0,"19":0,"20":0,"22":0,"56":0,"66":0,"67":0,"68":0,"70":0,"71":0,"74":0,"75":0,"76":0,"77":0,"79":0,"80":0,"83":0,"84":0,"87":0,"88":0,"91":0,"94":0}},"/home/travis/build/npmtest/node-npmtest-hoodie/node_modules/hoodie/server/plugins/client/bundle-handler-factory.js":{"path":"/home/travis/build/npmtest/node-npmtest-hoodie/node_modules/hoodie/server/plugins/client/bundle-handler-factory.js","s":{"1":1,"2":1,"3":1,"4":1,"5":1,"6":0,"7":0,"8":0,"9":0,"10":0,"11":0,"12":0,"13":0,"14":0,"15":0,"16":0,"17":0},"b":{"1":[0,0],"2":[0,0]},"f":{"1":0,"2":0,"3":0,"4":0,"5":0},"fnMap":{"1":{"name":"createBundleHandler","line":8,"loc":{"start":{"line":8,"column":0},"end":{"line":8,"column":80}}},"2":{"name":"(anonymous_2)","line":11,"loc":{"start":{"line":11,"column":9},"end":{"line":11,"column":35}}},"3":{"name":"(anonymous_3)","line":13,"loc":{"start":{"line":13,"column":34},"end":{"line":13,"column":61}}},"4":{"name":"(anonymous_4)","line":15,"loc":{"start":{"line":15,"column":71},"end":{"line":15,"column":113}}},"5":{"name":"(anonymous_5)","line":27,"loc":{"start":{"line":27,"column":23},"end":{"line":27,"column":41}}}},"statementMap":{"1":{"start":{"line":1,"column":0},"end":{"line":1,"column":36}},"2":{"start":{"line":3,"column":0},"end":{"line":3,"column":27}},"3":{"start":{"line":5,"column":0},"end":{"line":5,"column":38}},"4":{"start":{"line":6,"column":0},"end":{"line":6,"column":50}},"5":{"start":{"line":8,"column":0},"end":{"line":31,"column":1}},"6":{"start":{"line":9,"column":2},"end":{"line":9,"column":19}},"7":{"start":{"line":11,"column":2},"end":{"line":30,"column":3}},"8":{"start":{"line":12,"column":4},"end":{"line":25,"column":5}},"9":{"start":{"line":13,"column":6},"end":{"line":24,"column":8}},"10":{"start":{"line":14,"column":8},"end":{"line":14,"column":39}},"11":{"start":{"line":15,"column":8},"end":{"line":23,"column":10}},"12":{"start":{"line":16,"column":10},"end":{"line":18,"column":11}},"13":{"start":{"line":17,"column":12},"end":{"line":17,"column":32}},"14":{"start":{"line":20,"column":10},"end":{"line":20,"column":93}},"15":{"start":{"line":22,"column":10},"end":{"line":22,"column":31}},"16":{"start":{"line":27,"column":4},"end":{"line":29,"column":19}},"17":{"start":{"line":28,"column":6},"end":{"line":28,"column":71}}},"branchMap":{"1":{"line":12,"type":"if","locations":[{"start":{"line":12,"column":4},"end":{"line":12,"column":4}},{"start":{"line":12,"column":4},"end":{"line":12,"column":4}}]},"2":{"line":16,"type":"if","locations":[{"start":{"line":16,"column":10},"end":{"line":16,"column":10}},{"start":{"line":16,"column":10},"end":{"line":16,"column":10}}]}},"code":["module.exports = createBundleHandler","","var log = require('npmlog')","","var bundleClient = require('./bundle')","var writeClientBundle = require('./bundle-writer')","","function createBundleHandler (hoodieClientPath, bundleTargetPath, bundleConfig) {","  var bundlePromise","","  return function (request, reply) {","    if (!bundlePromise) {","      bundlePromise = new Promise(function (resolve, reject) {","        log.silly('client', 'bundling')","        bundleClient(hoodieClientPath, bundleTargetPath, bundleConfig, function (error, bundleBuffer, hasUpdate) {","          if (error) {","            return reject(error)","          }","","          writeClientBundle(hasUpdate, bundleConfig.inMemory, bundleTargetPath, bundleBuffer)","","          resolve(bundleBuffer)","        })","      })","    }","","    bundlePromise.then(function (buffer) {","      reply(buffer).bytes(buffer.length).type('application/javascript')","    }).catch(reply)","  }","}",""],"l":{"1":1,"3":1,"5":1,"6":1,"8":1,"9":0,"11":0,"12":0,"13":0,"14":0,"15":0,"16":0,"17":0,"20":0,"22":0,"27":0,"28":0}},"/home/travis/build/npmtest/node-npmtest-hoodie/node_modules/hoodie/server/plugins/client/bundle.js":{"path":"/home/travis/build/npmtest/node-npmtest-hoodie/node_modules/hoodie/server/plugins/client/bundle.js","s":{"1":1,"2":1,"3":1,"4":1,"5":1,"6":1,"7":0,"8":0,"9":0,"10":0,"11":0,"12":0,"13":1,"14":0,"15":0,"16":0,"17":0,"18":0,"19":0,"20":0,"21":0,"22":0,"23":0,"24":0,"25":0,"26":0,"27":0,"28":1,"29":0,"30":0,"31":0,"32":0,"33":1,"34":0,"35":0,"36":0,"37":0,"38":0,"39":0,"40":0,"41":0,"42":0,"43":0,"44":0,"45":0,"46":0,"47":0,"48":0,"49":0,"50":0,"51":0},"b":{"1":[0,0],"2":[0,0],"3":[0,0],"4":[0,0],"5":[0,0],"6":[0,0]},"f":{"1":0,"2":0,"3":0,"4":0,"5":0,"6":0,"7":0,"8":0,"9":0},"fnMap":{"1":{"name":"checkModule","line":8,"loc":{"start":{"line":8,"column":0},"end":{"line":8,"column":30}}},"2":{"name":"bundleClient","line":30,"loc":{"start":{"line":30,"column":0},"end":{"line":30,"column":77}}},"3":{"name":"(anonymous_3)","line":34,"loc":{"start":{"line":34,"column":44},"end":{"line":34,"column":66}}},"4":{"name":"(anonymous_4)","line":41,"loc":{"start":{"line":41,"column":6},"end":{"line":41,"column":32}}},"5":{"name":"(anonymous_5)","line":53,"loc":{"start":{"line":53,"column":8},"end":{"line":53,"column":33}}},"6":{"name":"getModifiedTime","line":63,"loc":{"start":{"line":63,"column":0},"end":{"line":63,"column":42}}},"7":{"name":"(anonymous_7)","line":64,"loc":{"start":{"line":64,"column":16},"end":{"line":64,"column":40}}},"8":{"name":"buildBundle","line":74,"loc":{"start":{"line":74,"column":0},"end":{"line":74,"column":49}}},"9":{"name":"(anonymous_9)","line":94,"loc":{"start":{"line":94,"column":18},"end":{"line":94,"column":40}}}},"statementMap":{"1":{"start":{"line":1,"column":0},"end":{"line":1,"column":29}},"2":{"start":{"line":3,"column":0},"end":{"line":3,"column":22}},"3":{"start":{"line":4,"column":0},"end":{"line":4,"column":26}},"4":{"start":{"line":5,"column":0},"end":{"line":5,"column":40}},"5":{"start":{"line":6,"column":0},"end":{"line":6,"column":43}},"6":{"start":{"line":8,"column":0},"end":{"line":18,"column":1}},"7":{"start":{"line":9,"column":2},"end":{"line":17,"column":3}},"8":{"start":{"line":10,"column":4},"end":{"line":10,"column":26}},"9":{"start":{"line":11,"column":4},"end":{"line":11,"column":15}},"10":{"start":{"line":13,"column":4},"end":{"line":15,"column":5}},"11":{"start":{"line":14,"column":6},"end":{"line":14,"column":15}},"12":{"start":{"line":16,"column":4},"end":{"line":16,"column":16}},"13":{"start":{"line":30,"column":0},"end":{"line":61,"column":1}},"14":{"start":{"line":31,"column":2},"end":{"line":33,"column":23}},"15":{"start":{"line":34,"column":2},"end":{"line":36,"column":4}},"16":{"start":{"line":35,"column":4},"end":{"line":35,"column":65}},"17":{"start":{"line":38,"column":2},"end":{"line":60,"column":4}},"18":{"start":{"line":43,"column":4},"end":{"line":45,"column":5}},"19":{"start":{"line":44,"column":6},"end":{"line":44,"column":28},"skip":true},"20":{"start":{"line":47,"column":4},"end":{"line":47,"column":34}},"21":{"start":{"line":48,"column":4},"end":{"line":48,"column":50}},"22":{"start":{"line":49,"column":4},"end":{"line":49,"column":43}},"23":{"start":{"line":51,"column":4},"end":{"line":51,"column":108}},"24":{"start":{"line":53,"column":4},"end":{"line":59,"column":6}},"25":{"start":{"line":54,"column":6},"end":{"line":56,"column":7}},"26":{"start":{"line":55,"column":8},"end":{"line":55,"column":30}},"27":{"start":{"line":58,"column":6},"end":{"line":58,"column":39}},"28":{"start":{"line":63,"column":0},"end":{"line":72,"column":1}},"29":{"start":{"line":64,"column":2},"end":{"line":71,"column":4}},"30":{"start":{"line":66,"column":4},"end":{"line":68,"column":5}},"31":{"start":{"line":67,"column":6},"end":{"line":67,"column":31}},"32":{"start":{"line":70,"column":4},"end":{"line":70,"column":32}},"33":{"start":{"line":74,"column":0},"end":{"line":102,"column":1}},"34":{"start":{"line":75,"column":2},"end":{"line":75,"column":49}},"35":{"start":{"line":76,"column":2},"end":{"line":76,"column":40}},"36":{"start":{"line":77,"column":2},"end":{"line":77,"column":35}},"37":{"start":{"line":79,"column":2},"end":{"line":81,"column":4}},"38":{"start":{"line":82,"column":2},"end":{"line":82,"column":29}},"39":{"start":{"line":84,"column":2},"end":{"line":84,"column":66}},"40":{"start":{"line":85,"column":2},"end":{"line":85,"column":43}},"41":{"start":{"line":86,"column":2},"end":{"line":90,"column":3}},"42":{"start":{"line":87,"column":4},"end":{"line":87,"column":58}},"43":{"start":{"line":89,"column":4},"end":{"line":89,"column":53}},"44":{"start":{"line":91,"column":2},"end":{"line":91,"column":65}},"45":{"start":{"line":92,"column":2},"end":{"line":92,"column":29}},"46":{"start":{"line":93,"column":2},"end":{"line":93,"column":64}},"47":{"start":{"line":94,"column":2},"end":{"line":96,"column":4}},"48":{"start":{"line":95,"column":4},"end":{"line":95,"column":70}},"49":{"start":{"line":98,"column":2},"end":{"line":98,"column":33}},"50":{"start":{"line":99,"column":2},"end":{"line":99,"column":19}},"51":{"start":{"line":101,"column":2},"end":{"line":101,"column":20}}},"branchMap":{"1":{"line":13,"type":"if","locations":[{"start":{"line":13,"column":4},"end":{"line":13,"column":4}},{"start":{"line":13,"column":4},"end":{"line":13,"column":4}}]},"2":{"line":43,"type":"if","locations":[{"start":{"line":43,"column":4},"end":{"line":43,"column":4},"skip":true},{"start":{"line":43,"column":4},"end":{"line":43,"column":4}}]},"3":{"line":51,"type":"cond-expr","locations":[{"start":{"line":51,"column":26},"end":{"line":51,"column":65}},{"start":{"line":51,"column":68},"end":{"line":51,"column":108}}]},"4":{"line":54,"type":"if","locations":[{"start":{"line":54,"column":6},"end":{"line":54,"column":6}},{"start":{"line":54,"column":6},"end":{"line":54,"column":6}}]},"5":{"line":66,"type":"if","locations":[{"start":{"line":66,"column":4},"end":{"line":66,"column":4}},{"start":{"line":66,"column":4},"end":{"line":66,"column":4}}]},"6":{"line":86,"type":"if","locations":[{"start":{"line":86,"column":2},"end":{"line":86,"column":2}},{"start":{"line":86,"column":2},"end":{"line":86,"column":2}}]}},"code":["module.exports = bundleClient","","var fs = require('fs')","var path = require('path')","var parallel = require('async').parallel","var requireResolve = require('../resolver')","","function checkModule (module) {","  try {","    requireResolve(module)","    return true","  } catch (err) {","    if (err.code !== 'MODULE_NOT_FOUND') {","      throw err","    }","    return false","  }","}","","/**"," * we compare the mtime (modified time) for the last modified dependency of the"," * Hoodie client and the target bundle file. If the latter does not exist or"," * any dependency was modified more recently, we read out the client and add"," * the `new Hoodie()` init code, otherwise we simply read out the bundle file."," *"," * This optimisation is in preparation for plugins. Plugins can extend the"," * client, so we need to browserify on-the-fly to avoid dependency duplication,"," * and avoiding unneeded bundling with browserify saves a significant time."," */","function bundleClient (hoodieClientPath, bundleTargetPath, config, callback) {","  var plugins = [","    path.resolve('hoodie/client')","  ].filter(checkModule)","  var getPluginsModifiedTimes = plugins.map(function (pluginPath) {","    return getModifiedTime.bind(null, requireResolve(pluginPath))","  })","","  parallel(getPluginsModifiedTimes.concat([","    getModifiedTime.bind(null, hoodieClientPath),","    getModifiedTime.bind(null, bundleTargetPath)","  ]), function (error, results) {","    /* istanbul ignore if */","    if (error) {","      return callback(error)","    }","","    var targetTime = results.pop()","    var sourceTime = Math.max.apply(null, results)","    var hasUpdate = sourceTime > targetTime","","    var get = hasUpdate ? buildBundle.bind(null, config, plugins) : fs.readFile.bind(null, bundleTargetPath)","","    get(function (error, buffer) {","      if (error) {","        return callback(error)","      }","","      callback(null, buffer, hasUpdate)","    })","  })","}","","function getModifiedTime (path, callback) {","  fs.stat(path, function (error, stats) {","    // we can ignore error, it means the file does not exist which is fine","    if (error) {","      return callback(null, -1)","    }","","    callback(null, +stats.mtime)","  })","}","","function buildBundle (config, plugins, callback) {","  var ReadableStream = require('stream').Readable","  var browserify = require('browserify')","  var stream = new ReadableStream()","","  var b = browserify(stream, {","    standalone: 'hoodie'","  })","  var hoodieBundleSource = ''","","  hoodieBundleSource += 'var Hoodie = require(\"@hoodie/client\")\\n'","  hoodieBundleSource += 'var options = {\\n'","  if (config.url) {","    hoodieBundleSource += '  url: \"' + config.url + '\",\\n'","  } else {","    hoodieBundleSource += '  url: location.origin,\\n'","  }","  hoodieBundleSource += '  PouchDB: require(\"pouchdb-browser\")\\n'","  hoodieBundleSource += '}\\n'","  hoodieBundleSource += 'module.exports = new Hoodie(options)\\n'","  plugins.forEach(function (pluginPath) {","    hoodieBundleSource += '  .plugin(require(\"' + pluginPath + '\"))\\n'","  })","","  stream.push(hoodieBundleSource)","  stream.push(null)","","  b.bundle(callback)","}",""],"l":{"1":1,"3":1,"4":1,"5":1,"6":1,"8":1,"9":0,"10":0,"11":0,"13":0,"14":0,"16":0,"30":1,"31":0,"34":0,"35":0,"38":0,"43":0,"44":1,"47":0,"48":0,"49":0,"51":0,"53":0,"54":0,"55":0,"58":0,"63":1,"64":0,"66":0,"67":0,"70":0,"74":1,"75":0,"76":0,"77":0,"79":0,"82":0,"84":0,"85":0,"86":0,"87":0,"89":0,"91":0,"92":0,"93":0,"94":0,"95":0,"98":0,"99":0,"101":0}},"/home/travis/build/npmtest/node-npmtest-hoodie/node_modules/hoodie/server/plugins/client/bundle-writer.js":{"path":"/home/travis/build/npmtest/node-npmtest-hoodie/node_modules/hoodie/server/plugins/client/bundle-writer.js","s":{"1":1,"2":1,"3":1,"4":1,"5":0,"6":0,"7":0,"8":0,"9":0,"10":0,"11":0,"12":0,"13":0,"14":0,"15":0,"16":0,"17":0},"b":{"1":[0,0],"2":[0,0],"3":[0,0]},"f":{"1":0,"2":0},"fnMap":{"1":{"name":"writeClientBundle","line":7,"loc":{"start":{"line":7,"column":0},"end":{"line":7,"column":81}}},"2":{"name":"(anonymous_2)","line":20,"loc":{"start":{"line":20,"column":47},"end":{"line":20,"column":64}}}},"statementMap":{"1":{"start":{"line":1,"column":0},"end":{"line":1,"column":34}},"2":{"start":{"line":3,"column":0},"end":{"line":3,"column":22}},"3":{"start":{"line":5,"column":0},"end":{"line":5,"column":27}},"4":{"start":{"line":7,"column":0},"end":{"line":28,"column":1}},"5":{"start":{"line":8,"column":2},"end":{"line":11,"column":3}},"6":{"start":{"line":9,"column":4},"end":{"line":9,"column":46}},"7":{"start":{"line":10,"column":4},"end":{"line":10,"column":10}},"8":{"start":{"line":13,"column":2},"end":{"line":16,"column":3}},"9":{"start":{"line":14,"column":4},"end":{"line":14,"column":87}},"10":{"start":{"line":15,"column":4},"end":{"line":15,"column":10}},"11":{"start":{"line":18,"column":2},"end":{"line":18,"column":45}},"12":{"start":{"line":19,"column":2},"end":{"line":19,"column":62}},"13":{"start":{"line":20,"column":2},"end":{"line":27,"column":4}},"14":{"start":{"line":21,"column":4},"end":{"line":24,"column":5}},"15":{"start":{"line":22,"column":6},"end":{"line":22,"column":139}},"16":{"start":{"line":23,"column":6},"end":{"line":23,"column":12}},"17":{"start":{"line":26,"column":4},"end":{"line":26,"column":63}}},"branchMap":{"1":{"line":8,"type":"if","locations":[{"start":{"line":8,"column":2},"end":{"line":8,"column":2}},{"start":{"line":8,"column":2},"end":{"line":8,"column":2}}]},"2":{"line":13,"type":"if","locations":[{"start":{"line":13,"column":2},"end":{"line":13,"column":2}},{"start":{"line":13,"column":2},"end":{"line":13,"column":2}}]},"3":{"line":21,"type":"if","locations":[{"start":{"line":21,"column":4},"end":{"line":21,"column":4}},{"start":{"line":21,"column":4},"end":{"line":21,"column":4}}]}},"code":["module.exports = writeClientBundle","","var fs = require('fs')","","var log = require('npmlog')","","function writeClientBundle (hasUpdate, inMemory, bundleTargetPath, bundleBuffer) {","  if (!hasUpdate) {","    log.info('client', 'bundle is up to date')","    return","  }","","  if (inMemory) {","    log.silly('client', 'running in memory, not writing bundle to ' + bundleTargetPath)","    return","  }","","  log.info('client', 'bundle is out of date')","  log.silly('client', 'writing bundle to ' + bundleTargetPath)","  fs.writeFile(bundleTargetPath, bundleBuffer, function (error) {","    if (error) {","      log.warn('client', 'could not write to ' + bundleTargetPath + '. Bundle cannot be cached and will be re-generated on server restart')","      return","    }","","    log.info('client', 'bundle written to ' + bundleTargetPath)","  })","}",""],"l":{"1":1,"3":1,"5":1,"7":1,"8":0,"9":0,"10":0,"13":0,"14":0,"15":0,"18":0,"19":0,"20":0,"21":0,"22":0,"23":0,"26":0}}}